 ================================>     TALLY 7: FLUX SPECTRUM     <=================================

 Incoming Energy [1e-05, 1.058283585339154e-05)
   Total Material
     Flux                                 1.73889e-08 +/- 2.2406e-09
 Incoming Energy [1.058283585339154e-05, 1.1199641469982942e-05)
   Total Material
     Flux                                 2.74616e-08 +/- 2.94375e-09
 Incoming Energy [1.1199641469982942e-05, 1.1852396729366596e-05)
   Total Material
     Flux                                 2.30991e-08 +/- 2.76014e-09
 Incoming Energy [1.1852396729366596e-05, 1.254319690561614e-05)
   Total Material
     Flux                                 2.97453e-08 +/- 3.28194e-09
 Incoming Energy [1.254319690561614e-05, 1.3274259392890431e-05)
   Total Material
     Flux                                 3.74077e-08 +/- 3.57593e-09
 Incoming Energy [1.3274259392890431e-05, 1.4047930823030026e-05)
   Total Material
     Flux                                 3.25375e-08 +/- 3.36522e-09
 Incoming Energy [1.4047930823030026e-05, 1.4866694597992626e-05)
   Total Material
     Flux                                 4.11631e-08 +/- 3.6774e-09
 Incoming Energy [1.4866694597992626e-05, 1.5733178861305835e-05)
   Total Material
     Flux                                 4.35992e-08 +/- 4.05436e-09
 Incoming Energy [1.5733178861305835e-05, 1.6650164934124926e-05)
   Total Material
     Flux                                 5.29002e-08 +/- 5.24997e-09
 Incoming Energy [1.6650164934124926e-05, 1.7620596242973984e-05)
   Total Material
     Flux                                 5.90974e-08 +/- 5.22526e-09
 Incoming Energy [1.7620596242973984e-05, 1.864758776782813e-05)
   Total Material
     Flux                                 6.57372e-08 +/- 6.09014e-09
 Incoming Energy [1.864758776782813e-05, 1.9734436040863702e-05)
   Total Material
     Flux                                 6.80934e-08 +/- 5.30964e-09
 Incoming Energy [1.9734436040863702e-05, 2.0884629727971414e-05)
   Total Material
     Flux                                 8.61612e-08 +/- 6.21012e-09
 Incoming Energy [2.0884629727971414e-05, 2.2101860826998267e-05)
   Total Material
     Flux                                 9.21837e-08 +/- 7.31588e-09
 Incoming Energy [2.2101860826998267e-05, 2.3390036518662722e-05)
   Total Material
     Flux                                 1.00266e-07 +/- 7.1896e-09
 Incoming Energy [2.3390036518662722e-05, 2.4753291708184126e-05)
   Total Material
     Flux                                 1.06159e-07 +/- 6.18881e-09
 Incoming Energy [2.4753291708184126e-05, 2.6196002297883046e-05)
   Total Material
     Flux                                 1.19372e-07 +/- 7.11694e-09
 Incoming Energy [2.6196002297883046e-05, 2.772279923335633e-05)
   Total Material
     Flux                                 1.37499e-07 +/- 8.80594e-09
 Incoming Energy [2.772279923335633e-05, 2.933858336831388e-05)
   Total Material
     Flux                                 1.68667e-07 +/- 9.65345e-09
 Incoming Energy [2.933858336831388e-05, 3.1048541195790885e-05)
   Total Material
     Flux                                 1.77485e-07 +/- 1.01894e-08
 Incoming Energy [3.1048541195790885e-05, 3.2858161496232e-05)
   Total Material
     Flux                                 2.04785e-07 +/- 9.64863e-09
 Incoming Energy [3.2858161496232e-05, 3.477325295588533e-05)
   Total Material
     Flux                                 2.19681e-07 +/- 1.13971e-08
 Incoming Energy [3.477325295588533e-05, 3.679996281205958e-05)
   Total Material
     Flux                                 2.40293e-07 +/- 1.17357e-08
 Incoming Energy [3.679996281205958e-05, 3.894479658509395e-05)
   Total Material
     Flux                                 2.73852e-07 +/- 1.43232e-08
 Incoming Energy [3.894479658509395e-05, 4.121463896037726e-05)
   Total Material
     Flux                                 3.13118e-07 +/- 1.35115e-08
 Incoming Energy [4.121463896037726e-05, 4.3616775887446824e-05)
   Total Material
     Flux                                 3.50126e-07 +/- 1.4281e-08
 Incoming Energy [4.3616775887446824e-05, 4.6158917967101585e-05)
   Total Material
     Flux                                 4.03717e-07 +/- 1.60131e-08
 Incoming Energy [4.6158917967101585e-05, 4.884922520160005e-05)
   Total Material
     Flux                                 4.20514e-07 +/- 1.58168e-08
 Incoming Energy [4.884922520160005e-05, 5.169633318738906e-05)
   Total Material
     Flux                                 4.57986e-07 +/- 1.48509e-08
 Incoming Energy [5.169633318738906e-05, 5.4709380834437574e-05)
   Total Material
     Flux                                 5.82845e-07 +/- 1.79645e-08
 Incoming Energy [5.4709380834437574e-05, 5.789803970115379e-05)
   Total Material
     Flux                                 5.93339e-07 +/- 2.20933e-08
 Incoming Energy [5.789803970115379e-05, 6.127254503904571e-05)
   Total Material
     Flux                                 6.61763e-07 +/- 2.31451e-08
 Incoming Energy [6.127254503904571e-05, 6.484372864677595e-05)
   Total Material
     Flux                                 7.06723e-07 +/- 2.25694e-08
 Incoming Energy [6.484372864677595e-05, 6.862305363906924e-05)
   Total Material
     Flux                                 8.97209e-07 +/- 2.95584e-08
 Incoming Energy [6.862305363906924e-05, 7.262265124207526e-05)
   Total Material
     Flux                                 9.9424e-07 +/- 2.61912e-08
 Incoming Energy [7.262265124207526e-05, 7.685535973329837e-05)
   Total Material
     Flux                                 1.0851e-06 +/- 2.53546e-08
 Incoming Energy [7.685535973329837e-05, 8.133476565108544e-05)
   Total Material
     Flux                                 1.1752e-06 +/- 2.96234e-08
 Incoming Energy [8.133476565108544e-05, 8.607524740595039e-05)
   Total Material
     Flux                                 1.40705e-06 +/- 3.10954e-08
 Incoming Energy [8.607524740595039e-05, 9.109202143372388e-05)
   Total Material
     Flux                                 1.45982e-06 +/- 3.27552e-08
 Incoming Energy [9.109202143372388e-05, 9.640119103867236e-05)
   Total Material
     Flux                                 1.68572e-06 +/- 3.71888e-08
 Incoming Energy [9.640119103867236e-05, 0.00010201979808337089)
   Total Material
     Flux                                 1.87716e-06 +/- 3.74863e-08
 Incoming Energy [0.00010201979808337089, 0.00010796587769124629)
   Total Material
     Flux                                 2.11783e-06 +/- 4.85286e-08
 Incoming Energy [0.00010796587769124629, 0.00011425851613738057)
   Total Material
     Flux                                 2.36823e-06 +/- 4.3815e-08
 Incoming Energy [0.00011425851613738057, 0.00012091791211339856)
   Total Material
     Flux                                 2.55847e-06 +/- 4.84678e-08
 Incoming Energy [0.00012091791211339856, 0.00012796544156309215)
   Total Material
     Flux                                 2.98708e-06 +/- 5.08862e-08
 Incoming Energy [0.00012796544156309215, 0.00013542372629689713)
   Total Material
     Flux                                 3.28312e-06 +/- 5.91969e-08
 Incoming Energy [0.00013542372629689713, 0.00014331670660546855)
   Total Material
     Flux                                 3.68835e-06 +/- 5.32276e-08
 Incoming Energy [0.00014331670660546855, 0.00015166971810543468)
   Total Material
     Flux                                 4.14814e-06 +/- 6.2872e-08
 Incoming Energy [0.00015166971810543468, 0.00016050957306399803)
   Total Material
     Flux                                 4.69502e-06 +/- 6.23657e-08
 Incoming Energy [0.00016050957306399803, 0.00016986464646342474)
   Total Material
     Flux                                 5.18494e-06 +/- 7.15413e-08
 Incoming Energy [0.00016986464646342474, 0.00017976496708168094)
   Total Material
     Flux                                 5.7915e-06 +/- 8.09628e-08
 Incoming Energy [0.00017976496708168094, 0.0001902423138815763)
   Total Material
     Flux                                 6.5785e-06 +/- 8.25799e-08
 Incoming Energy [0.0001902423138815763, 0.00020133031801781103)
   Total Material
     Flux                                 7.24993e-06 +/- 8.63099e-08
 Incoming Energy [0.00020133031801781103, 0.0002130645707893609)
   Total Material
     Flux                                 8.09291e-06 +/- 9.18796e-08
 Incoming Energy [0.0002130645707893609, 0.0002254827378837128)
   Total Material
     Flux                                 9.26647e-06 +/- 1.02086e-07
 Incoming Energy [0.0002254827378837128, 0.00023862468027966425)
   Total Material
     Flux                                 1.01674e-05 +/- 1.15072e-07
 Incoming Energy [0.00023862468027966425, 0.0002525325821967724)
   Total Material
     Flux                                 1.12995e-05 +/- 1.24895e-07
 Incoming Energy [0.0002525325821967724, 0.00026725108650215454)
   Total Material
     Flux                                 1.28035e-05 +/- 1.22807e-07
 Incoming Energy [0.00026725108650215454, 0.0002828274380092842)
   Total Material
     Flux                                 1.43915e-05 +/- 1.27801e-07
 Incoming Energy [0.0002828274380092842, 0.00029931163512875256)
   Total Material
     Flux                                 1.60986e-05 +/- 1.38603e-07
 Incoming Energy [0.00029931163512875256, 0.0003167565903577809)
   Total Material
     Flux                                 1.79431e-05 +/- 1.43825e-07
 Incoming Energy [0.0003167565903577809, 0.00033521830012363805)
   Total Material
     Flux                                 2.01075e-05 +/- 1.70307e-07
 Incoming Energy [0.00033521830012363805, 0.0003547560245261398)
   Total Material
     Flux                                 2.26468e-05 +/- 1.64046e-07
 Incoming Energy [0.0003547560245261398, 0.00037543247755618766)
   Total Material
     Flux                                 2.48872e-05 +/- 1.92069e-07
 Incoming Energy [0.00037543247755618766, 0.0003973140284009237)
   Total Material
     Flux                                 2.82184e-05 +/- 1.83038e-07
 Incoming Energy [0.0003973140284009237, 0.00042047091448167196)
   Total Material
     Flux                                 3.14849e-05 +/- 2.11558e-07
 Incoming Energy [0.00042047091448167196, 0.00044497746690849656)
   Total Material
     Flux                                 3.57933e-05 +/- 2.47955e-07
 Incoming Energy [0.00044497746690849656, 0.00047091234907505796)
   Total Material
     Flux                                 3.96616e-05 +/- 2.29358e-07
 Incoming Energy [0.00047091234907505796, 0.000498358809159635)
   Total Material
     Flux                                 4.42159e-05 +/- 2.56666e-07
 Incoming Energy [0.000498358809159635, 0.0005274049473428096)
   Total Material
     Flux                                 4.9127e-05 +/- 2.72049e-07
 Incoming Energy [0.0005274049473428096, 0.0005581439985995563)
   Total Material
     Flux                                 5.53057e-05 +/- 2.81895e-07
 Incoming Energy [0.0005581439985995563, 0.0005906746319734701)
   Total Material
     Flux                                 6.1614e-05 +/- 2.83688e-07
 Incoming Energy [0.0005906746319734701, 0.0006251012672937686)
   Total Material
     Flux                                 6.87915e-05 +/- 3.16818e-07
 Incoming Energy [0.0006251012672937686, 0.0006615344103516975)
   Total Material
     Flux                                 7.72717e-05 +/- 3.48089e-07
 Incoming Energy [0.0006615344103516975, 0.0007000910076122174)
   Total Material
     Flux                                 8.6741e-05 +/- 3.30084e-07
 Incoming Energy [0.0007000910076122174, 0.0007408948215995583)
   Total Material
     Flux                                 9.63567e-05 +/- 3.98358e-07
 Incoming Energy [0.0007408948215995583, 0.0007840768281615934)
   Total Material
     Flux                                 0.000107812 +/- 3.91276e-07
 Incoming Energy [0.0007840768281615934, 0.0008297756368882018)
   Total Material
     Flux                                 0.000121491 +/- 5.27823e-07
 Incoming Energy [0.0008297756368882018, 0.0008781379360331252)
   Total Material
     Flux                                 0.000135631 +/- 4.86488e-07
 Incoming Energy [0.0008781379360331252, 0.0009293189633674604)
   Total Material
     Flux                                 0.000151773 +/- 4.96029e-07
 Incoming Energy [0.0009293189633674604, 0.0009834830044761819)
   Total Material
     Flux                                 0.000170201 +/- 5.54821e-07
 Incoming Energy [0.0009834830044761819, 0.0010408039200971756)
   Total Material
     Flux                                 0.000189557 +/- 6.21329e-07
 Incoming Energy [0.0010408039200971756, 0.0011014657041954854)
   Total Material
     Flux                                 0.000212902 +/- 5.91647e-07
 Incoming Energy [0.0011014657041954854, 0.0011656630745641142)
   Total Material
     Flux                                 0.000236145 +/- 6.77013e-07
 Incoming Energy [0.0011656630745641142, 0.0012336020978471708)
   Total Material
     Flux                                 0.00026411 +/- 7.11917e-07
 Incoming Energy [0.0012336020978471708, 0.0013055008509916058)
   Total Material
     Flux                                 0.000295987 +/- 7.1115e-07
 Incoming Energy [0.0013055008509916058, 0.0013815901212507115)
   Total Material
     Flux                                 0.000329697 +/- 7.50895e-07
 Incoming Energy [0.0013815901212507115, 0.0014621141469863593)
   Total Material
     Flux                                 0.000367437 +/- 8.17072e-07
 Incoming Energy [0.0014621141469863593, 0.001547331401647823)
   Total Material
     Flux                                 0.000412295 +/- 9.36658e-07
 Incoming Energy [0.001547331401647823, 0.0016375154234437147)
   Total Material
     Flux                                 0.000461334 +/- 9.41037e-07
 Incoming Energy [0.0016375154234437147, 0.0017329556933701772)
   Total Material
     Flux                                 0.000511798 +/- 1.05434e-06
 Incoming Energy [0.0017329556933701772, 0.0018339585644136886)
   Total Material
     Flux                                 0.00057288 +/- 1.13375e-06
 Incoming Energy [0.0018339585644136886, 0.001940848244911166)
   Total Material
     Flux                                 0.000640713 +/- 1.18453e-06
 Incoming Energy [0.001940848244911166, 0.002053967839223793)
   Total Material
     Flux                                 0.000714718 +/- 1.27596e-06
 Incoming Energy [0.002053967839223793, 0.0021736804490650684)
   Total Material
     Flux                                 0.000797845 +/- 1.38323e-06
 Incoming Energy [0.0021736804490650684, 0.0023003703390182023)
   Total Material
     Flux                                 0.000888154 +/- 1.63604e-06
 Incoming Energy [0.0023003703390182023, 0.0024344441699840256)
   Total Material
     Flux                                 0.000992347 +/- 1.47008e-06
 Incoming Energy [0.0024344441699840256, 0.002576332304518695)
   Total Material
     Flux                                 0.00110071 +/- 1.90222e-06
 Incoming Energy [0.002576332304518695, 0.0027264901882511298)
   Total Material
     Flux                                 0.00122988 +/- 1.8356e-06
 Incoming Energy [0.0027264901882511298, 0.002885399811814427)
   Total Material
     Flux                                 0.00136741 +/- 1.9291e-06
 Incoming Energy [0.002885399811814427, 0.0030535712579838918)
   Total Material
     Flux                                 0.00152171 +/- 2.20143e-06
 Incoming Energy [0.0030535712579838918, 0.0032315443389877804)
   Total Material
     Flux                                 0.00169451 +/- 2.08678e-06
 Incoming Energy [0.0032315443389877804, 0.003419890329246434)
   Total Material
     Flux                                 0.00188191 +/- 2.4436e-06
 Incoming Energy [0.003419890329246434, 0.0036192137991016156)
   Total Material
     Flux                                 0.00209614 +/- 2.64935e-06
 Incoming Energy [0.0036192137991016156, 0.003830154555422194)
   Total Material
     Flux                                 0.00232754 +/- 2.66919e-06
 Incoming Energy [0.003830154555422194, 0.0040533896953152924)
   Total Material
     Flux                                 0.00257925 +/- 2.82126e-06
 Incoming Energy [0.0040533896953152924, 0.004289635779535044)
   Total Material
     Flux                                 0.00287804 +/- 3.29278e-06
 Incoming Energy [0.004289635779535044, 0.0045396511325654625)
   Total Material
     Flux                                 0.00318472 +/- 3.40079e-06
 Incoming Energy [0.0045396511325654625, 0.004804238276760328)
   Total Material
     Flux                                 0.0035384 +/- 3.26848e-06
 Incoming Energy [0.004804238276760328, 0.0050842465083535135)
   Total Material
     Flux                                 0.00392335 +/- 3.65585e-06
 Incoming Energy [0.0050842465083535135, 0.0053805746236084305)
   Total Material
     Flux                                 0.00434129 +/- 4.11896e-06
 Incoming Energy [0.0053805746236084305, 0.005694173803857192)
   Total Material
     Flux                                 0.00480637 +/- 4.71574e-06
 Incoming Energy [0.005694173803857192, 0.0060260506686902774)
   Total Material
     Flux                                 0.00532788 +/- 4.70342e-06
 Incoming Energy [0.0060260506686902774, 0.006377270507096952)
   Total Material
     Flux                                 0.00587796 +/- 4.85287e-06
 Incoming Energy [0.006377270507096952, 0.0067489606969282)
   Total Material
     Flux                                 0.0065133 +/- 5.78976e-06
 Incoming Energy [0.0067489606969282, 0.00714231432365821)
   Total Material
     Flux                                 0.00715581 +/- 6.12866e-06
 Incoming Energy [0.00714231432365821, 0.007558594010060197)
   Total Material
     Flux                                 0.00792477 +/- 6.78349e-06
 Incoming Energy [0.007558594010060197, 0.007999135969089558)
   Total Material
     Flux                                 0.0086986 +/- 6.65645e-06
 Incoming Energy [0.007999135969089558, 0.008465354292983484)
   Total Material
     Flux                                 0.00960541 +/- 7.22443e-06
 Incoming Energy [0.008465354292983484, 0.00895874549234475)
   Total Material
     Flux                                 0.0105315 +/- 8.29607e-06
 Incoming Energy [0.00895874549234475, 0.009480893299779585)
   Total Material
     Flux                                 0.011584 +/- 8.39637e-06
 Incoming Energy [0.009480893299779585, 0.01003347375350869)
   Total Material
     Flux                                 0.0127016 +/- 1.00016e-05
 Incoming Energy [0.01003347375350869, 0.010618260577269476)
   Total Material
     Flux                                 0.0139375 +/- 9.92056e-06
 Incoming Energy [0.010618260577269476, 0.011237130873778135)
   Total Material
     Flux                                 0.0152472 +/- 1.08579e-05
 Incoming Energy [0.011237130873778135, 0.011892071150027212)
   Total Material
     Flux                                 0.0166788 +/- 1.18018e-05
 Incoming Energy [0.011892071150027212, 0.012585183693759112)
   Total Material
     Flux                                 0.0181895 +/- 1.19494e-05
 Incoming Energy [0.012585183693759112, 0.013318693321583235)
   Total Material
     Flux                                 0.0198167 +/- 1.38125e-05
 Incoming Energy [0.013318693321583235, 0.01409495452039775)
   Total Material
     Flux                                 0.0215562 +/- 1.51126e-05
 Incoming Energy [0.01409495452039775, 0.014916459005038846)
   Total Material
     Flux                                 0.0234387 +/- 1.60527e-05
 Incoming Energy [0.014916459005038846, 0.015785843716417003)
   Total Material
     Flux                                 0.0254264 +/- 1.76011e-05
 Incoming Energy [0.015785843716417003, 0.016705899285813338)
   Total Material
     Flux                                 0.027532 +/- 1.83553e-05
 Incoming Energy [0.016705899285813338, 0.017679578992505333)
   Total Material
     Flux                                 0.0297041 +/- 1.94606e-05
 Incoming Energy [0.017679578992505333, 0.018710008243475327)
   Total Material
     Flux                                 0.0319946 +/- 2.10881e-05
 Incoming Energy [0.018710008243475327, 0.019800494605630194)
   Total Material
     Flux                                 0.0344049 +/- 1.94498e-05
 Incoming Energy [0.019800494605630194, 0.020954538422734877)
   Total Material
     Flux                                 0.036931 +/- 2.51087e-05
 Incoming Energy [0.020954538422734877, 0.022175844051138923)
   Total Material
     Flux                                 0.0395158 +/- 2.52842e-05
 Incoming Energy [0.022175844051138923, 0.023468331750361223)
   Total Material
     Flux                                 0.0421927 +/- 2.53011e-05
 Incoming Energy [0.023468331750361223, 0.024836150266700975)
   Total Material
     Flux                                 0.0448689 +/- 2.82224e-05
 Incoming Energy [0.024836150266700975, 0.02628369015026629)
   Total Material
     Flux                                 0.0476432 +/- 3.0316e-05
 Incoming Energy [0.02628369015026629, 0.027815597848167187)
   Total Material
     Flux                                 0.0503122 +/- 3.22003e-05
 Incoming Energy [0.027815597848167187, 0.029436790619110424)
   Total Material
     Flux                                 0.053116 +/- 3.31959e-05
 Incoming Energy [0.029436790619110424, 0.031152472317270117)
   Total Material
     Flux                                 0.055704 +/- 3.3761e-05
 Incoming Energy [0.031152472317270117, 0.03296815009609936)
   Total Material
     Flux                                 0.0583522 +/- 3.39114e-05
 Incoming Energy [0.03296815009609936, 0.0348896520856994)
   Total Material
     Flux                                 0.0608132 +/- 3.56128e-05
 Incoming Energy [0.0348896520856994, 0.036923146100489614)
   Total Material
     Flux                                 0.063082 +/- 3.65386e-05
 Incoming Energy [0.036923146100489614, 0.039075159437227544)
   Total Material
     Flux                                 0.0651612 +/- 3.88129e-05
 Incoming Energy [0.039075159437227544, 0.041352599826928196)
   Total Material
     Flux                                 0.0670824 +/- 4.01668e-05
 Incoming Energy [0.041352599826928196, 0.04376277760793685)
   Total Material
     Flux                                 0.0686157 +/- 4.10136e-05
 Incoming Energy [0.04376277760793685, 0.04631342919132745)
   Total Material
     Flux                                 0.0697991 +/- 4.15209e-05
 Incoming Energy [0.04631342919132745, 0.04901274189394899)
   Total Material
     Flux                                 0.070761 +/- 4.39333e-05
 Incoming Energy [0.04901274189394899, 0.05186938021883089)
   Total Material
     Flux                                 0.0712374 +/- 4.20067e-05
 Incoming Energy [0.05186938021883089, 0.054892513667304084)
   Total Material
     Flux                                 0.0711151 +/- 4.51283e-05
 Incoming Energy [0.054892513667304084, 0.058091846172113076)
   Total Material
     Flux                                 0.0706657 +/- 4.06581e-05
 Incoming Energy [0.058091846172113076, 0.06147764724599442)
   Total Material
     Flux                                 0.0697773 +/- 4.2489e-05
 Incoming Energy [0.06147764724599442, 0.06506078494570668)
   Total Material
     Flux                                 0.0684088 +/- 4.08476e-05
 Incoming Energy [0.06506078494570668, 0.0688527607573221)
   Total Material
     Flux                                 0.0664207 +/- 4.176e-05
 Incoming Energy [0.0688527607573221, 0.07286574651475776)
   Total Material
     Flux                                 0.0641081 +/- 3.82334e-05
 Incoming Energy [0.07286574651475776, 0.0771126234700518)
   Total Material
     Flux                                 0.061292 +/- 3.95962e-05
 Incoming Energy [0.0771126234700518, 0.0816070236407946)
   Total Material
     Flux                                 0.0580422 +/- 3.52601e-05
 Incoming Energy [0.0816070236407946, 0.08636337356743712)
   Total Material
     Flux                                 0.0545421 +/- 3.19187e-05
 Incoming Energy [0.08636337356743712, 0.09139694062093207)
   Total Material
     Flux                                 0.0506282 +/- 3.26127e-05
 Incoming Energy [0.09139694062093207, 0.09672388200934963)
   Total Material
     Flux                                 0.0466487 +/- 3.08489e-05
 Incoming Energy [0.09672388200934963, 0.10236129664077592)
   Total Material
     Flux                                 0.042496 +/- 2.65738e-05
 Incoming Energy [0.10236129664077592, 0.10832728000896481)
   Total Material
     Flux                                 0.0383204 +/- 2.14493e-05
 Incoming Energy [0.10832728000896481, 0.11464098227792573)
   Total Material
     Flux                                 0.0341101 +/- 2.15209e-05
 Incoming Energy [0.11464098227792573, 0.12132266975188563)
   Total Material
     Flux                                 0.0300854 +/- 1.86446e-05
 Incoming Energy [0.12132266975188563, 0.12839378992794365)
   Total Material
     Flux                                 0.0262339 +/- 1.85313e-05
 Incoming Energy [0.12839378992794365, 0.13587704034022635)
   Total Material
     Flux                                 0.0226322 +/- 1.59807e-05
 Incoming Energy [0.13587704034022635, 0.14379644141652728)
   Total Material
     Flux                                 0.0192951 +/- 1.37692e-05
 Incoming Energy [0.14379644141652728, 0.1521774135812941)
   Total Material
     Flux                                 0.0163165 +/- 1.23776e-05
 Incoming Energy [0.1521774135812941, 0.16104685885245115)
   Total Material
     Flux                                 0.0136658 +/- 1.03455e-05
 Incoming Energy [0.16104685885245115, 0.17043324719398067)
   Total Material
     Flux                                 0.0113936 +/- 9.26252e-06
 Incoming Energy [0.17043324719398067, 0.18036670790144016)
   Total Material
     Flux                                 0.00946203 +/- 7.28609e-06
 Incoming Energy [0.18036670790144016, 0.1908791263137556)
   Total Material
     Flux                                 0.00788035 +/- 7.3288e-06
 Incoming Energy [0.1908791263137556, 0.2020042461617265)
   Total Material
     Flux                                 0.00658431 +/- 6.36658e-06
 Incoming Energy [0.2020042461617265, 0.21377777788176494)
   Total Material
     Flux                                 0.00558292 +/- 5.33782e-06
 Incoming Energy [0.21377777788176494, 0.22623751324255145)
   Total Material
     Flux                                 0.00476362 +/- 5.03793e-06
 Incoming Energy [0.22623751324255145, 0.23942344665254167)
   Total Material
     Flux                                 0.0041833 +/- 4.99035e-06
 Incoming Energy [0.23942344665254167, 0.2533779035377089)
   Total Material
     Flux                                 0.00373581 +/- 4.41799e-06
 Incoming Energy [0.2533779035377089, 0.26814567620160484)
   Total Material
     Flux                                 0.00343467 +/- 4.29912e-06
 Incoming Energy [0.26814567620160484, 0.28377416760382623)
   Total Material
     Flux                                 0.0032044 +/- 3.89427e-06
 Incoming Energy [0.28377416760382623, 0.3003135435184112)
   Total Material
     Flux                                 0.00304541 +/- 3.72346e-06
 Incoming Energy [0.3003135435184112, 0.3178168935605702)
   Total Material
     Flux                                 0.00294551 +/- 4.05624e-06
 Incoming Energy [0.3178168935605702, 0.3363404015986318)
   Total Material
     Flux                                 0.00287798 +/- 3.66331e-06
 Incoming Energy [0.3363404015986318, 0.35594352609821095)
   Total Material
     Flux                                 0.00281709 +/- 3.68171e-06
 Incoming Energy [0.35594352609821095, 0.3766891909774754)
   Total Material
     Flux                                 0.00278255 +/- 3.43561e-06
 Incoming Energy [0.3766891909774754, 0.3986439875861479)
   Total Material
     Flux                                 0.00275932 +/- 3.37147e-06
 Incoming Energy [0.3986439875861479, 0.4218783884565657)
   Total Material
     Flux                                 0.00273472 +/- 3.82006e-06
 Incoming Energy [0.4218783884565657, 0.4464669735129178)
   Total Material
     Flux                                 0.0027122 +/- 3.69223e-06
 Incoming Energy [0.4464669735129178, 0.4724886694647717)
   Total Material
     Flux                                 0.00270087 +/- 3.01454e-06
 Incoming Energy [0.4724886694647717, 0.500027003153305)
   Total Material
     Flux                                 0.00267402 +/- 3.46708e-06
 Incoming Energy [0.500027003153305, 0.529170369663472)
   Total Material
     Flux                                 0.00266096 +/- 4.21163e-06
 Incoming Energy [0.529170369663472, 0.5600123160627045)
   Total Material
     Flux                                 0.00262414 +/- 4.18296e-06
 Incoming Energy [0.5600123160627045, 0.5926518416769212)
   Total Material
     Flux                                 0.00261194 +/- 3.70469e-06
 Incoming Energy [0.5926518416769212, 0.6271937158677048)
   Total Material
     Flux                                 0.00258264 +/- 3.53338e-06
 Incoming Energy [0.6271937158677048, 0.6637488143306611)
   Total Material
     Flux                                 0.00256762 +/- 3.5098e-06
 Incoming Energy [0.6637488143306611, 0.7024344749944644)
   Total Material
     Flux                                 0.00253269 +/- 3.6682e-06
 Incoming Energy [0.7024344749944644, 0.743374874662968)
   Total Material
     Flux                                 0.00252364 +/- 3.58178e-06
 Incoming Energy [0.743374874662968, 0.7867014276093683)
   Total Material
     Flux                                 0.00250453 +/- 3.80347e-06
 Incoming Energy [0.7867014276093683, 0.8325532074018732)
   Total Material
     Flux                                 0.00247976 +/- 3.5138e-06
 Incoming Energy [0.8325532074018732, 0.8810773933148666)
   Total Material
     Flux                                 0.00246355 +/- 3.33103e-06
 Incoming Energy [0.8810773933148666, 0.9324297427585329)
   Total Material
     Flux                                 0.00245641 +/- 3.40025e-06
 Incoming Energy [0.9324297427585329, 0.986775091243365)
   Total Material
     Flux                                 0.00243731 +/- 3.55129e-06
 Incoming Energy [0.986775091243365, 1.044287881484397)
   Total Material
     Flux                                 0.00243012 +/- 3.81202e-06
 Incoming Energy [1.044287881484397, 1.105152723343537)
   Total Material
     Flux                                 0.00241854 +/- 3.584e-06
 Incoming Energy [1.105152723343537, 1.1695649864073283)
   Total Material
     Flux                                 0.002396 +/- 3.09915e-06
 Incoming Energy [1.1695649864073283, 1.2377314271022861)
   Total Material
     Flux                                 0.00238817 +/- 3.64512e-06
 Incoming Energy [1.2377314271022861, 1.309870852360755)
   Total Material
     Flux                                 0.00237982 +/- 3.59866e-06
 Incoming Energy [1.309870852360755, 1.3862148219675905)
   Total Material
     Flux                                 0.00237039 +/- 3.58276e-06
 Incoming Energy [1.3862148219675905, 1.4670083918421386)
   Total Material
     Flux                                 0.00236982 +/- 3.48987e-06
 Incoming Energy [1.4670083918421386, 1.5525109006413247)
   Total Material
     Flux                                 0.00235212 +/- 3.24619e-06
 Incoming Energy [1.5525109006413247, 1.64299680220882)
   Total Material
     Flux                                 0.00234117 +/- 3.22986e-06
 Incoming Energy [1.64299680220882, 1.7387565465423147)
   Total Material
     Flux                                 0.00233386 +/- 3.453e-06
 Incoming Energy [1.7387565465423147, 1.8400975121067225)
   Total Material
     Flux                                 0.00232689 +/- 3.85822e-06
 Incoming Energy [1.8400975121067225, 1.9473449924859594)
   Total Material
     Flux                                 0.00232401 +/- 3.64058e-06
 Incoming Energy [1.9473449924859594, 2.060843240540289)
   Total Material
     Flux                                 0.00231384 +/- 3.51588e-06
 Incoming Energy [2.060843240540289, 2.180956573420937)
   Total Material
     Flux                                 0.00230874 +/- 3.53142e-06
 Incoming Energy [2.180956573420937, 2.3080705419889047)
   Total Material
     Flux                                 0.00229885 +/- 3.16198e-06
 Incoming Energy [2.3080705419889047, 2.4425931683916975)
   Total Material
     Flux                                 0.00230351 +/- 3.71911e-06
 Incoming Energy [2.4425931683916975, 2.5849562557704893)
   Total Material
     Flux                                 0.00229303 +/- 3.12595e-06
 Incoming Energy [2.5849562557704893, 2.735616774301668)
   Total Material
     Flux                                 0.00228374 +/- 3.42477e-06
 Incoming Energy [2.735616774301668, 2.8950583280219)
   Total Material
     Flux                                 0.00228677 +/- 3.43964e-06
 Incoming Energy [2.8950583280219, 3.0637927071449926)
   Total Material
     Flux                                 0.00227512 +/- 3.29949e-06
 Incoming Energy [3.0637927071449926, 3.2423615308533487)
   Total Material
     Flux                                 0.0022709 +/- 3.26859e-06
 Incoming Energy [3.2423615308533487, 3.4313379858372293)
   Total Material
     Flux                                 0.00227172 +/- 3.28865e-06
 Incoming Energy [3.4313379858372293, 3.6313286661622537)
   Total Material
     Flux                                 0.00225376 +/- 3.61703e-06
 Incoming Energy [3.6313286661622537, 3.8429755203710374)
   Total Material
     Flux                                 0.00226498 +/- 3.33165e-06
 Incoming Energy [3.8429755203710374, 4.066957912068862)
   Total Material
     Flux                                 0.00225538 +/- 3.35094e-06
 Incoming Energy [4.066957912068862, 4.303994800607666)
   Total Material
     Flux                                 0.00225486 +/- 3.34247e-06
 Incoming Energy [4.303994800607666, 4.554847048868157)
   Total Material
     Flux                                 0.00225392 +/- 3.32993e-06
 Incoming Energy [4.554847048868157, 4.820319865547658)
   Total Material
     Flux                                 0.0022496 +/- 3.77047e-06
 Incoming Energy [4.820319865547658, 5.101265389793324)
   Total Material
     Flux                                 0.00224718 +/- 3.19277e-06
 Incoming Energy [5.101265389793324, 5.398585426477014)
   Total Material
     Flux                                 0.00224687 +/- 2.92759e-06
 Incoming Energy [5.398585426477014, 5.7132343408917885)
   Total Material
     Flux                                 0.00223718 +/- 3.21762e-06
 Incoming Energy [5.7132343408917885, 6.04622212216174)
   Total Material
     Flux                                 0.00224106 +/- 3.28582e-06
 Incoming Energy [6.04622212216174, 6.398617625198233)
   Total Material
     Flux                                 0.00222799 +/- 3.31509e-06
 Incoming Energy [6.398617625198233, 6.771552001609089)
   Total Material
     Flux                                 0.00203906 +/- 3.04713e-06
 Incoming Energy [6.771552001609089, 7.16622233057339)
   Total Material
     Flux                                 0.0022353 +/- 2.93548e-06
 Incoming Energy [7.16622233057339, 7.5838954613367)
   Total Material
     Flux                                 0.00224838 +/- 3.39307e-06
 Incoming Energy [7.5838954613367, 8.025912079660738)
   Total Material
     Flux                                 0.00224465 +/- 3.73107e-06
 Incoming Energy [8.025912079660738, 8.493691011280191)
   Total Material
     Flux                                 0.00224731 +/- 3.2789e-06
 Incoming Energy [8.493691011280191, 8.988733776180544)
   Total Material
     Flux                                 0.00223018 +/- 3.58176e-06
 Incoming Energy [8.988733776180544, 9.512629408315497)
   Total Material
     Flux                                 0.00224719 +/- 3.31283e-06
 Incoming Energy [9.512629408315497, 10.06705955623478)
   Total Material
     Flux                                 0.00223939 +/- 3.26304e-06
 Incoming Energy [10.06705955623478, 10.653803880994934)
   Total Material
     Flux                                 0.00223259 +/- 3.28255e-06
 Incoming Energy [10.653803880994934, 11.27474576867951)
   Total Material
     Flux                                 0.00222199 +/- 2.96621e-06
 Incoming Energy [11.27474576867951, 11.931878375865606)
   Total Material
     Flux                                 0.00222919 +/- 3.82269e-06
 Incoming Energy [11.931878375865606, 12.627311027441774)
   Total Material
     Flux                                 0.00221756 +/- 3.30686e-06
 Incoming Energy [12.627311027441774, 13.363275987313688)
   Total Material
     Flux                                 0.00222801 +/- 3.68019e-06
 Incoming Energy [13.363275987313688, 14.142135623730951)
   Total Material
     Flux                                 0.00223531 +/- 3.6346e-06
 Incoming Energy [14.142135623730951, 14.966389992234562)
   Total Material
     Flux                                 0.00222636 +/- 3.14364e-06
 Incoming Energy [14.966389992234562, 15.838684860566024)
   Total Material
     Flux                                 0.00223551 +/- 3.41927e-06
 Incoming Energy [15.838684860566024, 16.76182020129679)
   Total Material
     Flux                                 0.00223296 +/- 2.98333e-06
 Incoming Energy [16.76182020129679, 17.73875917943859)
   Total Material
     Flux                                 0.0022253 +/- 3.29375e-06
 Incoming Energy [17.73875917943859, 18.772637663884094)
   Total Material
     Flux                                 0.00222656 +/- 3.37145e-06
 Incoming Energy [18.772637663884094, 19.8667742932081)
   Total Material
     Flux                                 0.00221797 +/- 3.29782e-06
 Incoming Energy [19.8667742932081, 21.02468112814)
   Total Material
     Flux                                 0.00213518 +/- 2.78677e-06
 Incoming Energy [21.02468112814, 22.250074924900446)
   Total Material
     Flux                                 0.00222413 +/- 2.87384e-06
 Incoming Energy [22.250074924900446, 23.546889065588402)
   Total Material
     Flux                                 0.00223366 +/- 3.45465e-06
 Incoming Energy [23.546889065588402, 24.919286183914213)
   Total Material
     Flux                                 0.00223579 +/- 3.56846e-06
 Incoming Energy [24.919286183914213, 26.371671526805173)
   Total Material
     Flux                                 0.00223891 +/- 3.27278e-06
 Incoming Energy [26.371671526805173, 27.90870709477386)
   Total Material
     Flux                                 0.00223694 +/- 3.45475e-06
 Incoming Energy [27.90870709477386, 29.53532660643756)
   Total Material
     Flux                                 0.0022367 +/- 3.48447e-06
 Incoming Energy [29.53532660643756, 31.25675133522358)
   Total Material
     Flux                                 0.00223818 +/- 3.23001e-06
 Incoming Energy [31.25675133522358, 33.078506869094795)
   Total Material
     Flux                                 0.00223675 +/- 3.27885e-06
 Incoming Energy [33.078506869094795, 35.00644084709147)
   Total Material
     Flux                                 0.00223253 +/- 2.93112e-06
 Incoming Energy [35.00644084709147, 37.04674172962297)
   Total Material
     Flux                                 0.00217813 +/- 3.29675e-06
 Incoming Energy [37.04674172962297, 39.205958662759045)
   Total Material
     Flux                                 0.00223645 +/- 3.08084e-06
 Incoming Energy [39.205958662759045, 41.491022500283215)
   Total Material
     Flux                                 0.00224217 +/- 3.35739e-06
 Incoming Energy [41.491022500283215, 43.90926805098722)
   Total Material
     Flux                                 0.00224252 +/- 3.58029e-06
 Incoming Energy [43.90926805098722, 46.46845762261672)
   Total Material
     Flux                                 0.0022413 +/- 3.56038e-06
 Incoming Energy [46.46845762261672, 49.17680593804336)
   Total Material
     Flux                                 0.00223865 +/- 3.46465e-06
 Incoming Energy [49.17680593804336, 52.04300650364032)
   Total Material
     Flux                                 0.00224532 +/- 3.298e-06
 Incoming Energy [52.04300650364032, 55.07625951450127)
   Total Material
     Flux                                 0.00224141 +/- 3.22189e-06
 Incoming Energy [55.07625951450127, 58.28630138607608)
   Total Material
     Flux                                 0.00223579 +/- 3.35263e-06
 Incoming Energy [58.28630138607608, 61.683436007015096)
   Total Material
     Flux                                 0.00224032 +/- 3.47461e-06
 Incoming Energy [61.683436007015096, 65.2785678135422)
   Total Material
     Flux                                 0.00224891 +/- 3.50943e-06
 Incoming Energy [65.2785678135422, 69.08323679152052)
   Total Material
     Flux                                 0.00221644 +/- 3.47466e-06
 Incoming Energy [69.08323679152052, 73.10965551856394)
   Total Material
     Flux                                 0.00225088 +/- 3.31165e-06
 Incoming Energy [73.10965551856394, 77.3707483650963)
   Total Material
     Flux                                 0.00224872 +/- 3.24828e-06
 Incoming Energy [77.3707483650963, 81.88019298018759)
   Total Material
     Flux                                 0.00224438 +/- 3.37647e-06
 Incoming Energy [81.88019298018759, 86.65246419533474)
   Total Material
     Flux                                 0.00224322 +/- 3.8484e-06
 Incoming Energy [86.65246419533474, 91.70288048711151)
   Total Material
     Flux                                 0.00224805 +/- 3.29383e-06
 Incoming Energy [91.70288048711151, 97.0476531478281)
   Total Material
     Flux                                 0.00224977 +/- 3.06811e-06
 Incoming Energy [97.0476531478281, 102.70393832203415)
   Total Material
     Flux                                 0.00224946 +/- 3.32316e-06
 Incoming Energy [102.70393832203415, 108.68989207589362)
   Total Material
     Flux                                 0.00223287 +/- 3.28765e-06
 Incoming Energy [108.68989207589362, 115.0247286762024)
   Total Material
     Flux                                 0.00224976 +/- 3.17901e-06
 Incoming Energy [115.0247286762024, 121.72878226611486)
   Total Material
     Flux                                 0.002239 +/- 3.44282e-06
 Incoming Energy [121.72878226611486, 128.82357213555298)
   Total Material
     Flux                                 0.00224545 +/- 3.0478e-06
 Incoming Energy [128.82357213555298, 136.33187179581014)
   Total Material
     Flux                                 0.00224997 +/- 3.60471e-06
 Incoming Energy [136.33187179581014, 144.27778208006782)
   Total Material
     Flux                                 0.00224888 +/- 3.41069e-06
 Incoming Energy [144.27778208006782, 152.6868085044753)
   Total Material
     Flux                                 0.00224798 +/- 3.34121e-06
 Incoming Energy [152.6868085044753, 161.58594313810892)
   Total Material
     Flux                                 0.00224682 +/- 3.27241e-06
 Incoming Energy [161.58594313810892, 171.0037512446062)
   Total Material
     Flux                                 0.00225232 +/- 3.14025e-06
 Incoming Energy [171.0037512446062, 180.97046297358665)
   Total Material
     Flux                                 0.00224365 +/- 3.28034e-06
 Incoming Energy [180.97046297358665, 191.5180703961739)
   Total Material
     Flux                                 0.00224428 +/- 3.46963e-06
 Incoming Energy [191.5180703961739, 202.68043019609937)
   Total Material
     Flux                                 0.00224905 +/- 3.44552e-06
 Incoming Energy [202.68043019609937, 214.49337234601015)
   Total Material
     Flux                                 0.00225013 +/- 2.87904e-06
 Incoming Energy [214.49337234601015, 226.99481511782128)
   Total Material
     Flux                                 0.00224678 +/- 3.31036e-06
 Incoming Energy [226.99481511782128, 240.22488679628626)
   Total Material
     Flux                                 0.00224721 +/- 3.3245e-06
 Incoming Energy [240.22488679628626, 254.22605448646618)
   Total Material
     Flux                                 0.00225261 +/- 3.18797e-06
 Incoming Energy [254.22605448646618, 269.0432604285645)
   Total Material
     Flux                                 0.0022498 +/- 3.46953e-06
 Incoming Energy [269.0432604285645, 284.72406625767695)
   Total Material
     Flux                                 0.00225489 +/- 3.21702e-06
 Incoming Energy [284.72406625767695, 301.3188056715166)
   Total Material
     Flux                                 0.00225319 +/- 3.33721e-06
 Incoming Energy [301.3188056715166, 318.88074599616436)
   Total Material
     Flux                                 0.00224922 +/- 3.28735e-06
 Incoming Energy [318.88074599616436, 337.4662591684448)
   Total Material
     Flux                                 0.00225494 +/- 3.56026e-06
 Incoming Energy [337.4662591684448, 357.1350026837739)
   Total Material
     Flux                                 0.00225265 +/- 3.54009e-06
 Incoming Energy [357.1350026837739, 377.9501110902926)
   Total Material
     Flux                                 0.00225518 +/- 3.41923e-06
 Incoming Energy [377.9501110902926, 399.97839864396553)
   Total Material
     Flux                                 0.00224796 +/- 3.21537e-06
 Incoming Energy [399.97839864396553, 423.2905737751492)
   Total Material
     Flux                                 0.00225766 +/- 3.50197e-06
 Incoming Energy [423.2905737751492, 447.96146605503253)
   Total Material
     Flux                                 0.00225428 +/- 3.33117e-06
 Incoming Energy [447.96146605503253, 474.0702663905035)
   Total Material
     Flux                                 0.00225599 +/- 3.45e-06
 Incoming Energy [474.0702663905035, 501.7007812184298)
   Total Material
     Flux                                 0.00225688 +/- 3.33457e-06
 Incoming Energy [501.7007812184298, 530.9417015152933)
   Total Material
     Flux                                 0.00225446 +/- 3.30306e-06
 Incoming Energy [530.9417015152933, 561.8868874856754)
   Total Material
     Flux                                 0.00225547 +/- 3.39158e-06
 Incoming Energy [561.8868874856754, 594.6356698433983)
   Total Material
     Flux                                 0.00226323 +/- 3.21734e-06
 Incoming Energy [594.6356698433983, 629.293168652421)
   Total Material
     Flux                                 0.0022562 +/- 3.40759e-06
 Incoming Energy [629.293168652421, 665.9706307509209)
   Total Material
     Flux                                 0.00225864 +/- 3.64262e-06
 Incoming Energy [665.9706307509209, 704.7857868416609)
   Total Material
     Flux                                 0.0022573 +/- 3.42277e-06
 Incoming Energy [704.7857868416609, 745.8632293948696)
   Total Material
     Flux                                 0.00225888 +/- 3.16859e-06
 Incoming Energy [745.8632293948696, 789.3348125766423)
   Total Material
     Flux                                 0.00226322 +/- 3.17261e-06
 Incoming Energy [789.3348125766423, 835.3400754866182)
   Total Material
     Flux                                 0.00226048 +/- 3.61775e-06
 Incoming Energy [835.3400754866182, 884.0266900634576)
   Total Material
     Flux                                 0.00225782 +/- 3.5951e-06
 Incoming Energy [884.0266900634576, 935.550935095859)
   Total Material
     Flux                                 0.00226252 +/- 3.21755e-06
 Incoming Energy [935.550935095859, 990.0781978606437)
   Total Material
     Flux                                 0.00226853 +/- 3.38554e-06
 Incoming Energy [990.0781978606437, 1047.7835049980924)
   Total Material
     Flux                                 0.00225972 +/- 3.20932e-06
 Incoming Energy [1047.7835049980924, 1108.8520843286042)
   Total Material
     Flux                                 0.00225895 +/- 3.29018e-06
 Incoming Energy [1108.8520843286042, 1173.4799594140666)
   Total Material
     Flux                                 0.00227079 +/- 3.7819e-06
 Incoming Energy [1173.4799594140666, 1241.8745787723658)
   Total Material
     Flux                                 0.00226821 +/- 3.34055e-06
 Incoming Energy [1241.8745787723658, 1314.255481764768)
   Total Material
     Flux                                 0.00226512 +/- 3.10991e-06
 Incoming Energy [1314.255481764768, 1390.8550032936585)
   Total Material
     Flux                                 0.00226977 +/- 3.3626e-06
 Incoming Energy [1390.8550032936585, 1471.9190195725107)
   Total Material
     Flux                                 0.00227297 +/- 3.24466e-06
 Incoming Energy [1471.9190195725107, 1557.7077373620855)
   Total Material
     Flux                                 0.00227036 +/- 2.92716e-06
 Incoming Energy [1557.7077373620855, 1648.4965292060924)
   Total Material
     Flux                                 0.00227556 +/- 3.2438e-06
 Incoming Energy [1648.4965292060924, 1744.576817347371)
   Total Material
     Flux                                 0.00227045 +/- 3.32322e-06
 Incoming Energy [1744.576817347371, 1846.2570091619498)
   Total Material
     Flux                                 0.00227975 +/- 3.31753e-06
 Incoming Energy [1846.2570091619498, 1953.8634871134473)
   Total Material
     Flux                                 0.00227843 +/- 3.39492e-06
 Incoming Energy [1953.8634871134473, 2067.7416564056766)
   Total Material
     Flux                                 0.00228026 +/- 3.57334e-06
 Incoming Energy [2067.7416564056766, 2188.2570536961243)
   Total Material
     Flux                                 0.00228458 +/- 3.9135e-06
 Incoming Energy [2188.2570536961243, 2315.796520429223)
   Total Material
     Flux                                 0.00228346 +/- 3.23842e-06
 Incoming Energy [2315.796520429223, 2450.7694445557804)
   Total Material
     Flux                                 0.00228852 +/- 3.29954e-06
 Incoming Energy [2450.7694445557804, 2593.609074624133)
   Total Material
     Flux                                 0.00228725 +/- 3.71277e-06
 Incoming Energy [2593.609074624133, 2744.773910461387)
   Total Material
     Flux                                 0.00229006 +/- 3.36725e-06
 Incoming Energy [2744.773910461387, 2904.749174908452)
   Total Material
     Flux                                 0.00229168 +/- 3.21986e-06
 Incoming Energy [2904.749174908452, 3074.0483713330595)
   Total Material
     Flux                                 0.00229716 +/- 3.47326e-06
 Incoming Energy [3074.0483713330595, 3253.2149319203436)
   Total Material
     Flux                                 0.00230277 +/- 3.35065e-06
 Incoming Energy [3253.2149319203436, 3442.8239620315253)
   Total Material
     Flux                                 0.00229842 +/- 3.40545e-06
 Incoming Energy [3442.8239620315253, 3643.4840862302663)
   Total Material
     Flux                                 0.00230094 +/- 3.33415e-06
 Incoming Energy [3643.4840862302663, 3855.8394019019247)
   Total Material
     Flux                                 0.00230442 +/- 3.26122e-06
 Incoming Energy [3855.8394019019247, 4080.5715467367395)
   Total Material
     Flux                                 0.00230696 +/- 3.04972e-06
 Incoming Energy [4080.5715467367395, 4318.401886713502)
   Total Material
     Flux                                 0.00231622 +/- 3.59592e-06
 Incoming Energy [4318.401886713502, 4570.093831606522)
   Total Material
     Flux                                 0.00232038 +/- 3.48105e-06
 Incoming Energy [4570.093831606522, 4836.455285448892)
   Total Material
     Flux                                 0.00231928 +/- 3.21466e-06
 Incoming Energy [4836.455285448892, 5118.341239817365)
   Total Material
     Flux                                 0.00232441 +/- 3.40844e-06
 Incoming Energy [5118.341239817365, 5416.656518263159)
   Total Material
     Flux                                 0.00232493 +/- 3.49009e-06
 Incoming Energy [5416.656518263159, 5732.358680698247)
   Total Material
     Flux                                 0.0023341 +/- 3.65548e-06
 Incoming Energy [5732.358680698247, 6066.461097059349)
   Total Material
     Flux                                 0.00233534 +/- 3.86063e-06
 Incoming Energy [6066.461097059349, 6420.036200116452)
   Total Material
     Flux                                 0.00234836 +/- 3.73454e-06
 Incoming Energy [6420.036200116452, 6794.218927866411)
   Total Material
     Flux                                 0.00235292 +/- 3.68602e-06
 Incoming Energy [6794.218927866411, 7190.210366561592)
   Total Material
     Flux                                 0.00235696 +/- 3.48362e-06
 Incoming Energy [7190.210366561592, 7609.28160606757)
   Total Material
     Flux                                 0.0023617 +/- 3.32259e-06
 Incoming Energy [7609.28160606757, 8052.777819924446)
   Total Material
     Flux                                 0.00237007 +/- 3.43013e-06
 Incoming Energy [8052.777819924446, 8522.12258320924)
   Total Material
     Flux                                 0.00237469 +/- 3.82905e-06
 Incoming Energy [8522.12258320924, 9018.822442058465)
   Total Material
     Flux                                 0.00238712 +/- 3.41828e-06
 Incoming Energy [9018.822442058465, 9544.471749518836)
   Total Material
     Flux                                 0.00238883 +/- 3.63418e-06
 Incoming Energy [9544.471749518836, 10100.757783249082)
   Total Material
     Flux                                 0.00240186 +/- 3.73668e-06
 Incoming Energy [10100.757783249082, 10689.46616149918)
   Total Material
     Flux                                 0.00241025 +/- 3.22961e-06
 Incoming Energy [10689.46616149918, 11312.486574752893)
   Total Material
     Flux                                 0.00241067 +/- 3.67716e-06
 Incoming Energy [11312.486574752893, 11971.81885143056)
   Total Material
     Flux                                 0.0024212 +/- 3.74821e-06
 Incoming Energy [11971.81885143056, 12669.579377122778)
   Total Material
     Flux                                 0.00243358 +/- 3.51902e-06
 Incoming Energy [12669.579377122778, 13408.007887960524)
   Total Material
     Flux                                 0.00243696 +/- 3.55679e-06
 Incoming Energy [13408.007887960524, 14189.47465992649)
   Total Material
     Flux                                 0.00245745 +/- 3.58423e-06
 Incoming Energy [14189.47465992649, 15016.488117186047)
   Total Material
     Flux                                 0.0024605 +/- 3.79394e-06
 Incoming Energy [15016.488117186047, 15891.702883858483)
   Total Material
     Flux                                 0.00247966 +/- 3.58815e-06
 Incoming Energy [15891.702883858483, 16817.928305074292)
   Total Material
     Flux                                 0.00248936 +/- 3.67306e-06
 Incoming Energy [16817.928305074292, 17798.137464670897)
   Total Material
     Flux                                 0.00251071 +/- 3.74532e-06
 Incoming Energy [17798.137464670897, 18835.476728470996)
   Total Material
     Flux                                 0.00252242 +/- 3.66442e-06
 Incoming Energy [18835.476728470996, 19933.275843778443)
   Total Material
     Flux                                 0.00253706 +/- 4.06232e-06
 Incoming Energy [19933.275843778443, 21095.058627508242)
   Total Material
     Flux                                 0.00254621 +/- 3.68934e-06
 Incoming Energy [21095.058627508242, 22324.554277259027)
   Total Material
     Flux                                 0.00256753 +/- 4.12258e-06
 Incoming Energy [22324.554277259027, 23625.709341636273)
   Total Material
     Flux                                 0.00258613 +/- 3.53671e-06
 Incoming Energy [23625.709341636273, 25002.700388247526)
   Total Material
     Flux                                 0.00260518 +/- 3.9953e-06
 Incoming Energy [25002.700388247526, 26459.94741003519)
   Total Material
     Flux                                 0.00262764 +/- 3.92363e-06
 Incoming Energy [26459.94741003519, 28002.12801297756)
   Total Material
     Flux                                 0.00265489 +/- 4.48947e-06
 Incoming Energy [28002.12801297756, 29634.192430699786)
   Total Material
     Flux                                 0.00266962 +/- 3.77544e-06
 Incoming Energy [29634.192430699786, 31361.37941419145)
   Total Material
     Flux                                 0.00269329 +/- 3.73055e-06
 Incoming Energy [31361.37941419145, 33189.23304763199)
   Total Material
     Flux                                 0.00271582 +/- 3.84485e-06
 Incoming Energy [33189.23304763199, 35123.62054430465)
   Total Material
     Flux                                 0.00274392 +/- 3.97747e-06
 Incoming Energy [35123.62054430465, 37170.751079718764)
   Total Material
     Flux                                 0.00277558 +/- 4.2274e-06
 Incoming Energy [37170.751079718764, 39337.19572239392)
   Total Material
     Flux                                 0.00280605 +/- 4.17535e-06
 Incoming Energy [39337.19572239392, 41629.90852628314)
   Total Material
     Flux                                 0.00283459 +/- 4.35999e-06
 Incoming Energy [41629.90852628314, 44056.24885253585)
   Total Material
     Flux                                 0.00287409 +/- 4.14948e-06
 Incoming Energy [44056.24885253585, 46624.004992255526)
   Total Material
     Flux                                 0.00290843 +/- 4.434e-06
 Incoming Energy [46624.004992255526, 49341.41916607489)
   Total Material
     Flux                                 0.00294128 +/- 4.26931e-06
 Incoming Energy [49341.41916607489, 52217.21398079567)
   Total Material
     Flux                                 0.00297245 +/- 3.81517e-06
 Incoming Energy [52217.21398079567, 55260.62042801835)
   Total Material
     Flux                                 0.00301397 +/- 4.61941e-06
 Incoming Energy [55260.62042801835, 58481.40751462922)
   Total Material
     Flux                                 0.00306702 +/- 4.30228e-06
 Incoming Energy [58481.40751462922, 61889.913620261825)
   Total Material
     Flux                                 0.00311159 +/- 4.56234e-06
 Incoming Energy [61889.913620261825, 65497.07968238135)
   Total Material
     Flux                                 0.00315269 +/- 4.68591e-06
 Incoming Energy [65497.07968238135, 69314.48431551465)
   Total Material
     Flux                                 0.00321148 +/- 4.42924e-06
 Incoming Energy [69314.48431551465, 73354.38097735753)
   Total Material
     Flux                                 0.00325617 +/- 4.77806e-06
 Incoming Energy [73354.38097735753, 77629.73730105201)
   Total Material
     Flux                                 0.00331901 +/- 4.64574e-06
 Incoming Energy [77629.73730105201, 82154.2767198938)
   Total Material
     Flux                                 0.00338358 +/- 4.82607e-06
 Incoming Energy [82154.2767198938, 86942.52251807437)
   Total Material
     Flux                                 0.00342379 +/- 5.27216e-06
 Incoming Energy [86942.52251807437, 92009.84444885768)
   Total Material
     Flux                                 0.00349538 +/- 4.83312e-06
 Incoming Energy [92009.84444885768, 97372.50806983514)
   Total Material
     Flux                                 0.0035684 +/- 5.28795e-06
 Incoming Energy [97372.50806983514, 103047.72695361062)
   Total Material
     Flux                                 0.00363791 +/- 5.12446e-06
 Incoming Energy [103047.72695361062, 109053.71794151698)
   Total Material
     Flux                                 0.003711 +/- 5.81656e-06
 Incoming Energy [109053.71794151698, 115409.75961771364)
   Total Material
     Flux                                 0.00378317 +/- 5.22663e-06
 Incoming Energy [115409.75961771364, 122136.25419136364)
   Total Material
     Flux                                 0.00387583 +/- 5.34525e-06
 Incoming Energy [122136.25419136364, 129254.79298553085)
   Total Material
     Flux                                 0.00395048 +/- 5.9025e-06
 Incoming Energy [129254.79298553085, 136788.22574299743)
   Total Material
     Flux                                 0.00404795 +/- 6.01393e-06
 Incoming Energy [136788.22574299743, 144760.73397148054)
   Total Material
     Flux                                 0.0041408 +/- 6.48977e-06
 Incoming Energy [144760.73397148054, 153197.90856366622)
   Total Material
     Flux                                 0.00425182 +/- 6.62572e-06
 Incoming Energy [153197.90856366622, 162126.8319412162)
   Total Material
     Flux                                 0.00434821 +/- 6.37226e-06
 Incoming Energy [162126.8319412162, 171576.1649864291)
   Total Material
     Flux                                 0.0044608 +/- 6.07895e-06
 Incoming Energy [171576.1649864291, 181576.23904058)
   Total Material
     Flux                                 0.0045638 +/- 6.42452e-06
 Incoming Energy [181576.23904058, 192159.15326426385)
   Total Material
     Flux                                 0.0047003 +/- 6.51984e-06
 Incoming Energy [192159.15326426385, 203358.87767224156)
   Total Material
     Flux                                 0.00482985 +/- 7.02567e-06
 Incoming Energy [203358.87767224156, 215211.36217352576)
   Total Material
     Flux                                 0.00496506 +/- 6.64198e-06
 Incoming Energy [215211.36217352576, 227754.65196672245)
   Total Material
     Flux                                 0.00511422 +/- 7.45258e-06
 Incoming Energy [227754.65196672245, 241029.00966101373)
   Total Material
     Flux                                 0.00527742 +/- 7.46436e-06
 Incoming Energy [241029.00966101373, 255077.04451480263)
   Total Material
     Flux                                 0.00544488 +/- 7.55669e-06
 Incoming Energy [255077.04451480263, 269943.84920684085)
   Total Material
     Flux                                 0.00564514 +/- 7.33204e-06
 Incoming Energy [269943.84920684085, 285677.14457886684)
   Total Material
     Flux                                 0.0058538 +/- 8.29369e-06
 Incoming Energy [285677.14457886684, 302327.4328143757)
   Total Material
     Flux                                 0.00608853 +/- 8.65987e-06
 Incoming Energy [302327.4328143757, 319948.159545179)
   Total Material
     Flux                                 0.00637117 +/- 8.41557e-06
 Incoming Energy [319948.159545179, 338595.88540613494)
   Total Material
     Flux                                 0.00680028 +/- 8.97627e-06
 Incoming Energy [338595.88540613494, 358330.4675886905)
   Total Material
     Flux                                 0.00676577 +/- 9.83751e-06
 Incoming Energy [358330.4675886905, 379215.2519760141)
   Total Material
     Flux                                 0.00632783 +/- 8.08918e-06
 Incoming Energy [379215.2519760141, 401317.27647646767)
   Total Material
     Flux                                 0.00632715 +/- 8.94441e-06
 Incoming Energy [401317.27647646767, 424707.4862080598)
   Total Material
     Flux                                 0.00610181 +/- 7.61369e-06
 Incoming Energy [424707.4862080598, 449460.96122464386)
   Total Material
     Flux                                 0.00529892 +/- 7.13595e-06
 Incoming Energy [449460.96122464386, 475657.1575147995)
   Total Material
     Flux                                 0.00646575 +/- 8.92341e-06
 Incoming Energy [475657.1575147995, 503380.16204699164)
   Total Material
     Flux                                 0.00738401 +/- 9.81528e-06
 Incoming Energy [503380.16204699164, 532718.9626796957)
   Total Material
     Flux                                 0.00785826 +/- 1.12788e-05
 Incoming Energy [532718.9626796957, 563767.7338028221)
   Total Material
     Flux                                 0.00818358 +/- 1.12376e-05
 Incoming Energy [563767.7338028221, 596626.1386273791)
   Total Material
     Flux                                 0.00848585 +/- 1.25379e-05
 Incoming Energy [596626.1386273791, 631399.6490936391)
   Total Material
     Flux                                 0.00880116 +/- 1.14104e-05
 Incoming Energy [631399.6490936391, 668199.8844246987)
   Total Material
     Flux                                 0.00913956 +/- 1.23919e-05
 Incoming Energy [668199.8844246987, 707144.9694121798)
   Total Material
     Flux                                 0.00951619 +/- 1.28315e-05
 Incoming Energy [707144.9694121798, 748359.9135840663)
   Total Material
     Flux                                 0.0100602 +/- 1.39299e-05
 Incoming Energy [748359.9135840663, 791977.0124718435)
   Total Material
     Flux                                 0.0111487 +/- 1.49432e-05
 Incoming Energy [791977.0124718435, 838136.2722648961)
   Total Material
     Flux                                 0.0116762 +/- 1.41789e-05
 Incoming Energy [838136.2722648961, 886985.8592152856)
   Total Material
     Flux                                 0.0107886 +/- 1.49792e-05
 Incoming Energy [886985.8592152856, 938682.5752354843)
   Total Material
     Flux                                 0.0100695 +/- 1.37727e-05
 Incoming Energy [938682.5752354843, 993392.3612155964)
   Total Material
     Flux                                 0.0091476 +/- 1.24882e-05
 Incoming Energy [993392.3612155964, 1051290.829675767)
   Total Material
     Flux                                 0.00875115 +/- 1.1764e-05
 Incoming Energy [1051290.829675767, 1112563.8284634468)
   Total Material
     Flux                                 0.0100274 +/- 1.456e-05
 Incoming Energy [1112563.8284634468, 1177408.0373049495)
   Total Material
     Flux                                 0.0112492 +/- 1.51571e-05
 Incoming Energy [1177408.0373049495, 1246031.5991262207)
   Total Material
     Flux                                 0.012137 +/- 1.71348e-05
 Incoming Energy [1246031.5991262207, 1318654.7881691733)
   Total Material
     Flux                                 0.0114771 +/- 1.4644e-05
 Incoming Energy [1318654.7881691733, 1395510.7170483125)
   Total Material
     Flux                                 0.0115607 +/- 1.58704e-05
 Incoming Energy [1395510.7170483125, 1476846.0850171046)
   Total Material
     Flux                                 0.0126922 +/- 1.59751e-05
 Incoming Energy [1476846.0850171046, 1562921.969845991)
   Total Material
     Flux                                 0.0126986 +/- 1.64878e-05
 Incoming Energy [1562921.969845991, 1654014.6658539518)
   Total Material
     Flux                                 0.0123442 +/- 1.77031e-05
 Incoming Energy [1654014.6658539518, 1750416.570783459)
   Total Material
     Flux                                 0.0128792 +/- 1.99774e-05
 Incoming Energy [1750416.570783459, 1852437.1243657821)
   Total Material
     Flux                                 0.012989 +/- 1.93468e-05
 Incoming Energy [1852437.1243657821, 1960403.801589176)
   Total Material
     Flux                                 0.0119486 +/- 2.05893e-05
 Incoming Energy [1960403.801589176, 2074663.1638582961)
   Total Material
     Flux                                 0.0125819 +/- 1.97732e-05
 Incoming Energy [2074663.1638582961, 2195581.9714190345)
   Total Material
     Flux                                 0.0129243 +/- 1.99896e-05
 Incoming Energy [2195581.9714190345, 2323548.360619339)
   Total Material
     Flux                                 0.0138528 +/- 2.17079e-05
 Incoming Energy [2323548.360619339, 2458973.0897851423)
   Total Material
     Flux                                 0.0148115 +/- 2.47932e-05
 Incoming Energy [2458973.0897851423, 2602290.857710323)
   Total Material
     Flux                                 0.0139983 +/- 2.05294e-05
 Incoming Energy [2602290.857710323, 2753961.698992977)
   Total Material
     Flux                                 0.0140337 +/- 2.69774e-05
 Incoming Energy [2753961.698992977, 2914472.460697001)
   Total Material
     Flux                                 0.0128362 +/- 2.23369e-05
 Incoming Energy [2914472.460697001, 3084338.365078642)
   Total Material
     Flux                                 0.0125657 +/- 1.96731e-05
 Incoming Energy [3084338.365078642, 3264104.663394523)
   Total Material
     Flux                                 0.011848 +/- 2.3644e-05
 Incoming Energy [3264104.663394523, 3454348.386099415)
   Total Material
     Flux                                 0.00981052 +/- 1.84408e-05
 Incoming Energy [3454348.386099415, 3655680.195051801)
   Total Material
     Flux                                 0.00897736 +/- 1.80696e-05
 Incoming Energy [3655680.195051801, 3868746.3436727654)
   Total Material
     Flux                                 0.00834436 +/- 1.65956e-05
 Incoming Energy [3868746.3436727654, 4094230.751349748)
   Total Material
     Flux                                 0.00867405 +/- 1.96971e-05
 Incoming Energy [4094230.751349748, 4332857.198744221)
   Total Material
     Flux                                 0.00827557 +/- 2.01287e-05
 Incoming Energy [4332857.198744221, 4585391.651049606)
   Total Material
     Flux                                 0.00700038 +/- 1.95327e-05
 Incoming Energy [4585391.651049606, 4852644.716656989)
   Total Material
     Flux                                 0.00686205 +/- 1.85905e-05
 Incoming Energy [4852644.716656989, 5135474.249120872)
   Total Material
     Flux                                 0.00599484 +/- 1.66645e-05
 Incoming Energy [5135474.249120872, 5434788.100776524)
   Total Material
     Flux                                 0.00530059 +/- 1.77755e-05
 Incoming Energy [5434788.100776524, 5751547.036848338)
   Total Material
     Flux                                 0.00438695 +/- 1.50324e-05
 Incoming Energy [5751547.036848338, 6086767.819402659)
   Total Material
     Flux                                 0.00374001 +/- 1.54025e-05
 Incoming Energy [6086767.819402659, 6441526.471044417)
   Total Material
     Flux                                 0.00325418 +/- 1.44817e-05
 Incoming Energy [6441526.471044417, 6816961.728833966)
   Total Material
     Flux                                 0.00277208 +/- 1.35212e-05
 Incoming Energy [6816961.728833966, 7214278.699510192)
   Total Material
     Flux                                 0.00221869 +/- 1.24708e-05
 Incoming Energy [7214278.699510192, 7634752.727753518)
   Total Material
     Flux                                 0.00166677 +/- 1.0166e-05
 Incoming Energy [7634752.727753518, 8079733.489904895)
   Total Material
     Flux                                 0.00132393 +/- 9.8282e-06
 Incoming Energy [8079733.489904895, 8550649.326281369)
   Total Material
     Flux                                 0.000984201 +/- 7.60014e-06
 Incoming Energy [8550649.326281369, 9049011.825994886)
   Total Material
     Flux                                 0.000765308 +/- 7.08291e-06
 Incoming Energy [9049011.825994886, 9576420.678990252)
   Total Material
     Flux                                 0.000587043 +/- 7.38243e-06
 Incoming Energy [9576420.678990252, 10134568.810877798)
   Total Material
     Flux                                 0.000404983 +/- 5.36645e-06
 Incoming Energy [10134568.810877798, 10725247.817042144)
   Total Material
     Flux                                 0.000283409 +/- 4.76399e-06
 Incoming Energy [10725247.817042144, 11350353.713470269)
   Total Material
     Flux                                 0.000206588 +/- 4.09691e-06
 Incoming Energy [11350353.713470269, 12011893.022758922)
   Total Material
     Flux                                 0.000126879 +/- 3.2755e-06
 Incoming Energy [12011893.022758922, 12711989.214835651)
   Total Material
     Flux                                 9.01175e-05 +/- 2.99296e-06
 Incoming Energy [12711989.214835651, 13452889.523068901)
   Total Material
     Flux                                 5.37203e-05 +/- 2.04271e-06
 Incoming Energy [13452889.523068901, 14236972.157644926)
   Total Material
     Flux                                 3.71658e-05 +/- 1.88412e-06
 Incoming Energy [14236972.157644926, 15066753.93936615)
   Total Material
     Flux                                 2.0846e-05 +/- 1.37338e-06
 Incoming Energy [15066753.93936615, 15944898.378375264)
   Total Material
     Flux                                 1.04228e-05 +/- 8.2464e-07
 Incoming Energy [15944898.378375264, 16874224.2237354)
   Total Material
     Flux                                 9.35706e-06 +/- 9.97351e-07
 Incoming Energy [16874224.2237354, 17857714.511311464)
   Total Material
     Flux                                 3.71027e-06 +/- 6.37868e-07
 Incoming Energy [17857714.511311464, 18898526.13899377)
   Total Material
     Flux                                 3.23094e-06 +/- 7.68963e-07
 Incoming Energy [18898526.13899377, 20000000.000000004)
   Total Material
     Flux                                 6.66486e-07 +/- 2.09592e-07
