 ================================>     TALLY 1: FLUX SPECTRUM     <=================================

 Incoming Energy [1e-05, 1.058283585339154e-05)
   Total Material
     Flux                                 0 +/- 0
 Incoming Energy [1.058283585339154e-05, 1.1199641469982942e-05)
   Total Material
     Flux                                 0 +/- 0
 Incoming Energy [1.1199641469982942e-05, 1.1852396729366596e-05)
   Total Material
     Flux                                 0 +/- 0
 Incoming Energy [1.1852396729366596e-05, 1.254319690561614e-05)
   Total Material
     Flux                                 0 +/- 0
 Incoming Energy [1.254319690561614e-05, 1.3274259392890431e-05)
   Total Material
     Flux                                 0 +/- 0
 Incoming Energy [1.3274259392890431e-05, 1.4047930823030026e-05)
   Total Material
     Flux                                 0 +/- 0
 Incoming Energy [1.4047930823030026e-05, 1.4866694597992626e-05)
   Total Material
     Flux                                 0 +/- 0
 Incoming Energy [1.4866694597992626e-05, 1.5733178861305835e-05)
   Total Material
     Flux                                 0 +/- 0
 Incoming Energy [1.5733178861305835e-05, 1.6650164934124926e-05)
   Total Material
     Flux                                 0 +/- 0
 Incoming Energy [1.6650164934124926e-05, 1.7620596242973984e-05)
   Total Material
     Flux                                 0 +/- 0
 Incoming Energy [1.7620596242973984e-05, 1.864758776782813e-05)
   Total Material
     Flux                                 0 +/- 0
 Incoming Energy [1.864758776782813e-05, 1.9734436040863702e-05)
   Total Material
     Flux                                 0 +/- 0
 Incoming Energy [1.9734436040863702e-05, 2.0884629727971414e-05)
   Total Material
     Flux                                 0 +/- 0
 Incoming Energy [2.0884629727971414e-05, 2.2101860826998267e-05)
   Total Material
     Flux                                 0 +/- 0
 Incoming Energy [2.2101860826998267e-05, 2.3390036518662722e-05)
   Total Material
     Flux                                 0 +/- 0
 Incoming Energy [2.3390036518662722e-05, 2.4753291708184126e-05)
   Total Material
     Flux                                 0 +/- 0
 Incoming Energy [2.4753291708184126e-05, 2.6196002297883046e-05)
   Total Material
     Flux                                 0 +/- 0
 Incoming Energy [2.6196002297883046e-05, 2.772279923335633e-05)
   Total Material
     Flux                                 0 +/- 0
 Incoming Energy [2.772279923335633e-05, 2.933858336831388e-05)
   Total Material
     Flux                                 0 +/- 0
 Incoming Energy [2.933858336831388e-05, 3.1048541195790885e-05)
   Total Material
     Flux                                 0 +/- 0
 Incoming Energy [3.1048541195790885e-05, 3.2858161496232e-05)
   Total Material
     Flux                                 0 +/- 0
 Incoming Energy [3.2858161496232e-05, 3.477325295588533e-05)
   Total Material
     Flux                                 0 +/- 0
 Incoming Energy [3.477325295588533e-05, 3.679996281205958e-05)
   Total Material
     Flux                                 0 +/- 0
 Incoming Energy [3.679996281205958e-05, 3.894479658509395e-05)
   Total Material
     Flux                                 0 +/- 0
 Incoming Energy [3.894479658509395e-05, 4.121463896037726e-05)
   Total Material
     Flux                                 0 +/- 0
 Incoming Energy [4.121463896037726e-05, 4.3616775887446824e-05)
   Total Material
     Flux                                 0 +/- 0
 Incoming Energy [4.3616775887446824e-05, 4.6158917967101585e-05)
   Total Material
     Flux                                 0 +/- 0
 Incoming Energy [4.6158917967101585e-05, 4.884922520160005e-05)
   Total Material
     Flux                                 0 +/- 0
 Incoming Energy [4.884922520160005e-05, 5.169633318738906e-05)
   Total Material
     Flux                                 0 +/- 0
 Incoming Energy [5.169633318738906e-05, 5.4709380834437574e-05)
   Total Material
     Flux                                 0 +/- 0
 Incoming Energy [5.4709380834437574e-05, 5.789803970115379e-05)
   Total Material
     Flux                                 0 +/- 0
 Incoming Energy [5.789803970115379e-05, 6.127254503904571e-05)
   Total Material
     Flux                                 0 +/- 0
 Incoming Energy [6.127254503904571e-05, 6.484372864677595e-05)
   Total Material
     Flux                                 0 +/- 0
 Incoming Energy [6.484372864677595e-05, 6.862305363906924e-05)
   Total Material
     Flux                                 0 +/- 0
 Incoming Energy [6.862305363906924e-05, 7.262265124207526e-05)
   Total Material
     Flux                                 0 +/- 0
 Incoming Energy [7.262265124207526e-05, 7.685535973329837e-05)
   Total Material
     Flux                                 0 +/- 0
 Incoming Energy [7.685535973329837e-05, 8.133476565108544e-05)
   Total Material
     Flux                                 0 +/- 0
 Incoming Energy [8.133476565108544e-05, 8.607524740595039e-05)
   Total Material
     Flux                                 0 +/- 0
 Incoming Energy [8.607524740595039e-05, 9.109202143372388e-05)
   Total Material
     Flux                                 0 +/- 0
 Incoming Energy [9.109202143372388e-05, 9.640119103867236e-05)
   Total Material
     Flux                                 0 +/- 0
 Incoming Energy [9.640119103867236e-05, 0.00010201979808337089)
   Total Material
     Flux                                 0 +/- 0
 Incoming Energy [0.00010201979808337089, 0.00010796587769124629)
   Total Material
     Flux                                 0 +/- 0
 Incoming Energy [0.00010796587769124629, 0.00011425851613738057)
   Total Material
     Flux                                 0 +/- 0
 Incoming Energy [0.00011425851613738057, 0.00012091791211339856)
   Total Material
     Flux                                 0 +/- 0
 Incoming Energy [0.00012091791211339856, 0.00012796544156309215)
   Total Material
     Flux                                 0 +/- 0
 Incoming Energy [0.00012796544156309215, 0.00013542372629689713)
   Total Material
     Flux                                 0 +/- 0
 Incoming Energy [0.00013542372629689713, 0.00014331670660546855)
   Total Material
     Flux                                 0 +/- 0
 Incoming Energy [0.00014331670660546855, 0.00015166971810543468)
   Total Material
     Flux                                 0 +/- 0
 Incoming Energy [0.00015166971810543468, 0.00016050957306399803)
   Total Material
     Flux                                 0 +/- 0
 Incoming Energy [0.00016050957306399803, 0.00016986464646342474)
   Total Material
     Flux                                 0 +/- 0
 Incoming Energy [0.00016986464646342474, 0.00017976496708168094)
   Total Material
     Flux                                 0 +/- 0
 Incoming Energy [0.00017976496708168094, 0.0001902423138815763)
   Total Material
     Flux                                 0 +/- 0
 Incoming Energy [0.0001902423138815763, 0.00020133031801781103)
   Total Material
     Flux                                 0 +/- 0
 Incoming Energy [0.00020133031801781103, 0.0002130645707893609)
   Total Material
     Flux                                 0 +/- 0
 Incoming Energy [0.0002130645707893609, 0.0002254827378837128)
   Total Material
     Flux                                 0 +/- 0
 Incoming Energy [0.0002254827378837128, 0.00023862468027966425)
   Total Material
     Flux                                 0 +/- 0
 Incoming Energy [0.00023862468027966425, 0.0002525325821967724)
   Total Material
     Flux                                 0 +/- 0
 Incoming Energy [0.0002525325821967724, 0.00026725108650215454)
   Total Material
     Flux                                 0 +/- 0
 Incoming Energy [0.00026725108650215454, 0.0002828274380092842)
   Total Material
     Flux                                 0 +/- 0
 Incoming Energy [0.0002828274380092842, 0.00029931163512875256)
   Total Material
     Flux                                 0 +/- 0
 Incoming Energy [0.00029931163512875256, 0.0003167565903577809)
   Total Material
     Flux                                 0 +/- 0
 Incoming Energy [0.0003167565903577809, 0.00033521830012363805)
   Total Material
     Flux                                 0 +/- 0
 Incoming Energy [0.00033521830012363805, 0.0003547560245261398)
   Total Material
     Flux                                 0 +/- 0
 Incoming Energy [0.0003547560245261398, 0.00037543247755618766)
   Total Material
     Flux                                 0 +/- 0
 Incoming Energy [0.00037543247755618766, 0.0003973140284009237)
   Total Material
     Flux                                 0 +/- 0
 Incoming Energy [0.0003973140284009237, 0.00042047091448167196)
   Total Material
     Flux                                 0 +/- 0
 Incoming Energy [0.00042047091448167196, 0.00044497746690849656)
   Total Material
     Flux                                 0 +/- 0
 Incoming Energy [0.00044497746690849656, 0.00047091234907505796)
   Total Material
     Flux                                 0 +/- 0
 Incoming Energy [0.00047091234907505796, 0.000498358809159635)
   Total Material
     Flux                                 0 +/- 0
 Incoming Energy [0.000498358809159635, 0.0005274049473428096)
   Total Material
     Flux                                 0 +/- 0
 Incoming Energy [0.0005274049473428096, 0.0005581439985995563)
   Total Material
     Flux                                 0 +/- 0
 Incoming Energy [0.0005581439985995563, 0.0005906746319734701)
   Total Material
     Flux                                 0 +/- 0
 Incoming Energy [0.0005906746319734701, 0.0006251012672937686)
   Total Material
     Flux                                 0 +/- 0
 Incoming Energy [0.0006251012672937686, 0.0006615344103516975)
   Total Material
     Flux                                 0 +/- 0
 Incoming Energy [0.0006615344103516975, 0.0007000910076122174)
   Total Material
     Flux                                 0 +/- 0
 Incoming Energy [0.0007000910076122174, 0.0007408948215995583)
   Total Material
     Flux                                 0 +/- 0
 Incoming Energy [0.0007408948215995583, 0.0007840768281615934)
   Total Material
     Flux                                 0 +/- 0
 Incoming Energy [0.0007840768281615934, 0.0008297756368882018)
   Total Material
     Flux                                 0 +/- 0
 Incoming Energy [0.0008297756368882018, 0.0008781379360331252)
   Total Material
     Flux                                 0 +/- 0
 Incoming Energy [0.0008781379360331252, 0.0009293189633674604)
   Total Material
     Flux                                 0 +/- 0
 Incoming Energy [0.0009293189633674604, 0.0009834830044761819)
   Total Material
     Flux                                 0 +/- 0
 Incoming Energy [0.0009834830044761819, 0.0010408039200971756)
   Total Material
     Flux                                 0 +/- 0
 Incoming Energy [0.0010408039200971756, 0.0011014657041954854)
   Total Material
     Flux                                 0 +/- 0
 Incoming Energy [0.0011014657041954854, 0.0011656630745641142)
   Total Material
     Flux                                 0 +/- 0
 Incoming Energy [0.0011656630745641142, 0.0012336020978471708)
   Total Material
     Flux                                 0 +/- 0
 Incoming Energy [0.0012336020978471708, 0.0013055008509916058)
   Total Material
     Flux                                 0 +/- 0
 Incoming Energy [0.0013055008509916058, 0.0013815901212507115)
   Total Material
     Flux                                 0 +/- 0
 Incoming Energy [0.0013815901212507115, 0.0014621141469863593)
   Total Material
     Flux                                 0 +/- 0
 Incoming Energy [0.0014621141469863593, 0.001547331401647823)
   Total Material
     Flux                                 0 +/- 0
 Incoming Energy [0.001547331401647823, 0.0016375154234437147)
   Total Material
     Flux                                 0 +/- 0
 Incoming Energy [0.0016375154234437147, 0.0017329556933701772)
   Total Material
     Flux                                 0 +/- 0
 Incoming Energy [0.0017329556933701772, 0.0018339585644136886)
   Total Material
     Flux                                 0 +/- 0
 Incoming Energy [0.0018339585644136886, 0.001940848244911166)
   Total Material
     Flux                                 0 +/- 0
 Incoming Energy [0.001940848244911166, 0.002053967839223793)
   Total Material
     Flux                                 0 +/- 0
 Incoming Energy [0.002053967839223793, 0.0021736804490650684)
   Total Material
     Flux                                 0 +/- 0
 Incoming Energy [0.0021736804490650684, 0.0023003703390182023)
   Total Material
     Flux                                 0 +/- 0
 Incoming Energy [0.0023003703390182023, 0.0024344441699840256)
   Total Material
     Flux                                 0 +/- 0
 Incoming Energy [0.0024344441699840256, 0.002576332304518695)
   Total Material
     Flux                                 0 +/- 0
 Incoming Energy [0.002576332304518695, 0.0027264901882511298)
   Total Material
     Flux                                 0 +/- 0
 Incoming Energy [0.0027264901882511298, 0.002885399811814427)
   Total Material
     Flux                                 0 +/- 0
 Incoming Energy [0.002885399811814427, 0.0030535712579838918)
   Total Material
     Flux                                 0 +/- 0
 Incoming Energy [0.0030535712579838918, 0.0032315443389877804)
   Total Material
     Flux                                 0 +/- 0
 Incoming Energy [0.0032315443389877804, 0.003419890329246434)
   Total Material
     Flux                                 0 +/- 0
 Incoming Energy [0.003419890329246434, 0.0036192137991016156)
   Total Material
     Flux                                 0 +/- 0
 Incoming Energy [0.0036192137991016156, 0.003830154555422194)
   Total Material
     Flux                                 0 +/- 0
 Incoming Energy [0.003830154555422194, 0.0040533896953152924)
   Total Material
     Flux                                 0 +/- 0
 Incoming Energy [0.0040533896953152924, 0.004289635779535044)
   Total Material
     Flux                                 0 +/- 0
 Incoming Energy [0.004289635779535044, 0.0045396511325654625)
   Total Material
     Flux                                 0 +/- 0
 Incoming Energy [0.0045396511325654625, 0.004804238276760328)
   Total Material
     Flux                                 0 +/- 0
 Incoming Energy [0.004804238276760328, 0.0050842465083535135)
   Total Material
     Flux                                 0 +/- 0
 Incoming Energy [0.0050842465083535135, 0.0053805746236084305)
   Total Material
     Flux                                 0 +/- 0
 Incoming Energy [0.0053805746236084305, 0.005694173803857192)
   Total Material
     Flux                                 0 +/- 0
 Incoming Energy [0.005694173803857192, 0.0060260506686902774)
   Total Material
     Flux                                 0 +/- 0
 Incoming Energy [0.0060260506686902774, 0.006377270507096952)
   Total Material
     Flux                                 0 +/- 0
 Incoming Energy [0.006377270507096952, 0.0067489606969282)
   Total Material
     Flux                                 0 +/- 0
 Incoming Energy [0.0067489606969282, 0.00714231432365821)
   Total Material
     Flux                                 0 +/- 0
 Incoming Energy [0.00714231432365821, 0.007558594010060197)
   Total Material
     Flux                                 0 +/- 0
 Incoming Energy [0.007558594010060197, 0.007999135969089558)
   Total Material
     Flux                                 0 +/- 0
 Incoming Energy [0.007999135969089558, 0.008465354292983484)
   Total Material
     Flux                                 0 +/- 0
 Incoming Energy [0.008465354292983484, 0.00895874549234475)
   Total Material
     Flux                                 0 +/- 0
 Incoming Energy [0.00895874549234475, 0.009480893299779585)
   Total Material
     Flux                                 0 +/- 0
 Incoming Energy [0.009480893299779585, 0.01003347375350869)
   Total Material
     Flux                                 0 +/- 0
 Incoming Energy [0.01003347375350869, 0.010618260577269476)
   Total Material
     Flux                                 0 +/- 0
 Incoming Energy [0.010618260577269476, 0.011237130873778135)
   Total Material
     Flux                                 0 +/- 0
 Incoming Energy [0.011237130873778135, 0.011892071150027212)
   Total Material
     Flux                                 0 +/- 0
 Incoming Energy [0.011892071150027212, 0.012585183693759112)
   Total Material
     Flux                                 0 +/- 0
 Incoming Energy [0.012585183693759112, 0.013318693321583235)
   Total Material
     Flux                                 0 +/- 0
 Incoming Energy [0.013318693321583235, 0.01409495452039775)
   Total Material
     Flux                                 0 +/- 0
 Incoming Energy [0.01409495452039775, 0.014916459005038846)
   Total Material
     Flux                                 0 +/- 0
 Incoming Energy [0.014916459005038846, 0.015785843716417003)
   Total Material
     Flux                                 0 +/- 0
 Incoming Energy [0.015785843716417003, 0.016705899285813338)
   Total Material
     Flux                                 0 +/- 0
 Incoming Energy [0.016705899285813338, 0.017679578992505333)
   Total Material
     Flux                                 0 +/- 0
 Incoming Energy [0.017679578992505333, 0.018710008243475327)
   Total Material
     Flux                                 1.48912e-06 +/- 1.48912e-06
 Incoming Energy [0.018710008243475327, 0.019800494605630194)
   Total Material
     Flux                                 0 +/- 0
 Incoming Energy [0.019800494605630194, 0.020954538422734877)
   Total Material
     Flux                                 0 +/- 0
 Incoming Energy [0.020954538422734877, 0.022175844051138923)
   Total Material
     Flux                                 0 +/- 0
 Incoming Energy [0.022175844051138923, 0.023468331750361223)
   Total Material
     Flux                                 0 +/- 0
 Incoming Energy [0.023468331750361223, 0.024836150266700975)
   Total Material
     Flux                                 0 +/- 0
 Incoming Energy [0.024836150266700975, 0.02628369015026629)
   Total Material
     Flux                                 0 +/- 0
 Incoming Energy [0.02628369015026629, 0.027815597848167187)
   Total Material
     Flux                                 0 +/- 0
 Incoming Energy [0.027815597848167187, 0.029436790619110424)
   Total Material
     Flux                                 0 +/- 0
 Incoming Energy [0.029436790619110424, 0.031152472317270117)
   Total Material
     Flux                                 5.24277e-06 +/- 5.24277e-06
 Incoming Energy [0.031152472317270117, 0.03296815009609936)
   Total Material
     Flux                                 0 +/- 0
 Incoming Energy [0.03296815009609936, 0.0348896520856994)
   Total Material
     Flux                                 1.88272e-06 +/- 1.88272e-06
 Incoming Energy [0.0348896520856994, 0.036923146100489614)
   Total Material
     Flux                                 0 +/- 0
 Incoming Energy [0.036923146100489614, 0.039075159437227544)
   Total Material
     Flux                                 0 +/- 0
 Incoming Energy [0.039075159437227544, 0.041352599826928196)
   Total Material
     Flux                                 0 +/- 0
 Incoming Energy [0.041352599826928196, 0.04376277760793685)
   Total Material
     Flux                                 0 +/- 0
 Incoming Energy [0.04376277760793685, 0.04631342919132745)
   Total Material
     Flux                                 0 +/- 0
 Incoming Energy [0.04631342919132745, 0.04901274189394899)
   Total Material
     Flux                                 0.000421158 +/- 0.000302874
 Incoming Energy [0.04901274189394899, 0.05186938021883089)
   Total Material
     Flux                                 0.000641234 +/- 0.000596901
 Incoming Energy [0.05186938021883089, 0.054892513667304084)
   Total Material
     Flux                                 8.31588e-05 +/- 4.76284e-05
 Incoming Energy [0.054892513667304084, 0.058091846172113076)
   Total Material
     Flux                                 0.000115715 +/- 6.87904e-05
 Incoming Energy [0.058091846172113076, 0.06147764724599442)
   Total Material
     Flux                                 0.000151294 +/- 7.42058e-05
 Incoming Energy [0.06147764724599442, 0.06506078494570668)
   Total Material
     Flux                                 2.90713e-05 +/- 1.78689e-05
 Incoming Energy [0.06506078494570668, 0.0688527607573221)
   Total Material
     Flux                                 5.4171e-05 +/- 3.70731e-05
 Incoming Energy [0.0688527607573221, 0.07286574651475776)
   Total Material
     Flux                                 0.000311988 +/- 0.000230076
 Incoming Energy [0.07286574651475776, 0.0771126234700518)
   Total Material
     Flux                                 0.000108726 +/- 5.75374e-05
 Incoming Energy [0.0771126234700518, 0.0816070236407946)
   Total Material
     Flux                                 0.000275065 +/- 0.000272661
 Incoming Energy [0.0816070236407946, 0.08636337356743712)
   Total Material
     Flux                                 2.98621e-05 +/- 1.56211e-05
 Incoming Energy [0.08636337356743712, 0.09139694062093207)
   Total Material
     Flux                                 6.937e-05 +/- 3.72144e-05
 Incoming Energy [0.09139694062093207, 0.09672388200934963)
   Total Material
     Flux                                 0.000400327 +/- 0.000229689
 Incoming Energy [0.09672388200934963, 0.10236129664077592)
   Total Material
     Flux                                 0.000391325 +/- 0.000184313
 Incoming Energy [0.10236129664077592, 0.10832728000896481)
   Total Material
     Flux                                 0.000405825 +/- 0.000240922
 Incoming Energy [0.10832728000896481, 0.11464098227792573)
   Total Material
     Flux                                 0.000342079 +/- 0.000101879
 Incoming Energy [0.11464098227792573, 0.12132266975188563)
   Total Material
     Flux                                 0.000431295 +/- 0.000206353
 Incoming Energy [0.12132266975188563, 0.12839378992794365)
   Total Material
     Flux                                 0.000380006 +/- 0.000170558
 Incoming Energy [0.12839378992794365, 0.13587704034022635)
   Total Material
     Flux                                 0.000222195 +/- 0.000116915
 Incoming Energy [0.13587704034022635, 0.14379644141652728)
   Total Material
     Flux                                 0.000262745 +/- 0.000129189
 Incoming Energy [0.14379644141652728, 0.1521774135812941)
   Total Material
     Flux                                 0.000349465 +/- 0.000151345
 Incoming Energy [0.1521774135812941, 0.16104685885245115)
   Total Material
     Flux                                 0.000156753 +/- 5.78016e-05
 Incoming Energy [0.16104685885245115, 0.17043324719398067)
   Total Material
     Flux                                 0.000391427 +/- 0.000124823
 Incoming Energy [0.17043324719398067, 0.18036670790144016)
   Total Material
     Flux                                 0.000350875 +/- 0.000124135
 Incoming Energy [0.18036670790144016, 0.1908791263137556)
   Total Material
     Flux                                 0.000759693 +/- 0.000289862
 Incoming Energy [0.1908791263137556, 0.2020042461617265)
   Total Material
     Flux                                 0.000544892 +/- 0.000140748
 Incoming Energy [0.2020042461617265, 0.21377777788176494)
   Total Material
     Flux                                 0.000846301 +/- 0.000228633
 Incoming Energy [0.21377777788176494, 0.22623751324255145)
   Total Material
     Flux                                 0.00219355 +/- 0.00168554
 Incoming Energy [0.22623751324255145, 0.23942344665254167)
   Total Material
     Flux                                 0.00140268 +/- 0.00040219
 Incoming Energy [0.23942344665254167, 0.2533779035377089)
   Total Material
     Flux                                 0.00125319 +/- 0.00029519
 Incoming Energy [0.2533779035377089, 0.26814567620160484)
   Total Material
     Flux                                 0.00148799 +/- 0.000435987
 Incoming Energy [0.26814567620160484, 0.28377416760382623)
   Total Material
     Flux                                 0.00109729 +/- 0.000267693
 Incoming Energy [0.28377416760382623, 0.3003135435184112)
   Total Material
     Flux                                 0.00129674 +/- 0.000347474
 Incoming Energy [0.3003135435184112, 0.3178168935605702)
   Total Material
     Flux                                 0.00144867 +/- 0.000569515
 Incoming Energy [0.3178168935605702, 0.3363404015986318)
   Total Material
     Flux                                 0.00155703 +/- 0.000270625
 Incoming Energy [0.3363404015986318, 0.35594352609821095)
   Total Material
     Flux                                 0.00141654 +/- 0.000346235
 Incoming Energy [0.35594352609821095, 0.3766891909774754)
   Total Material
     Flux                                 0.00113664 +/- 0.000222712
 Incoming Energy [0.3766891909774754, 0.3986439875861479)
   Total Material
     Flux                                 0.0015976 +/- 0.000267847
 Incoming Energy [0.3986439875861479, 0.4218783884565657)
   Total Material
     Flux                                 0.00157264 +/- 0.000243709
 Incoming Energy [0.4218783884565657, 0.4464669735129178)
   Total Material
     Flux                                 0.00146055 +/- 0.000212185
 Incoming Energy [0.4464669735129178, 0.4724886694647717)
   Total Material
     Flux                                 0.00160434 +/- 0.000262766
 Incoming Energy [0.4724886694647717, 0.500027003153305)
   Total Material
     Flux                                 0.00146603 +/- 0.000249234
 Incoming Energy [0.500027003153305, 0.529170369663472)
   Total Material
     Flux                                 0.00211124 +/- 0.000275181
 Incoming Energy [0.529170369663472, 0.5600123160627045)
   Total Material
     Flux                                 0.00209806 +/- 0.000278062
 Incoming Energy [0.5600123160627045, 0.5926518416769212)
   Total Material
     Flux                                 0.00224282 +/- 0.000252897
 Incoming Energy [0.5926518416769212, 0.6271937158677048)
   Total Material
     Flux                                 0.0025168 +/- 0.000337801
 Incoming Energy [0.6271937158677048, 0.6637488143306611)
   Total Material
     Flux                                 0.00262057 +/- 0.000293722
 Incoming Energy [0.6637488143306611, 0.7024344749944644)
   Total Material
     Flux                                 0.00232619 +/- 0.000283911
 Incoming Energy [0.7024344749944644, 0.743374874662968)
   Total Material
     Flux                                 0.00214113 +/- 0.000238563
 Incoming Energy [0.743374874662968, 0.7867014276093683)
   Total Material
     Flux                                 0.00187862 +/- 0.000206865
 Incoming Energy [0.7867014276093683, 0.8325532074018732)
   Total Material
     Flux                                 0.00260256 +/- 0.00029835
 Incoming Energy [0.8325532074018732, 0.8810773933148666)
   Total Material
     Flux                                 0.00280827 +/- 0.000288894
 Incoming Energy [0.8810773933148666, 0.9324297427585329)
   Total Material
     Flux                                 0.00275836 +/- 0.000298779
 Incoming Energy [0.9324297427585329, 0.986775091243365)
   Total Material
     Flux                                 0.00272803 +/- 0.000258815
 Incoming Energy [0.986775091243365, 1.044287881484397)
   Total Material
     Flux                                 0.00281796 +/- 0.000250993
 Incoming Energy [1.044287881484397, 1.105152723343537)
   Total Material
     Flux                                 0.00288486 +/- 0.000241773
 Incoming Energy [1.105152723343537, 1.1695649864073283)
   Total Material
     Flux                                 0.00329126 +/- 0.000266347
 Incoming Energy [1.1695649864073283, 1.2377314271022861)
   Total Material
     Flux                                 0.00324878 +/- 0.000280613
 Incoming Energy [1.2377314271022861, 1.309870852360755)
   Total Material
     Flux                                 0.00334 +/- 0.000256833
 Incoming Energy [1.309870852360755, 1.3862148219675905)
   Total Material
     Flux                                 0.00339593 +/- 0.000235522
 Incoming Energy [1.3862148219675905, 1.4670083918421386)
   Total Material
     Flux                                 0.0038005 +/- 0.000272796
 Incoming Energy [1.4670083918421386, 1.5525109006413247)
   Total Material
     Flux                                 0.00402516 +/- 0.000258484
 Incoming Energy [1.5525109006413247, 1.64299680220882)
   Total Material
     Flux                                 0.0039632 +/- 0.000230349
 Incoming Energy [1.64299680220882, 1.7387565465423147)
   Total Material
     Flux                                 0.00424223 +/- 0.000237579
 Incoming Energy [1.7387565465423147, 1.8400975121067225)
   Total Material
     Flux                                 0.00491642 +/- 0.000262345
 Incoming Energy [1.8400975121067225, 1.9473449924859594)
   Total Material
     Flux                                 0.00641278 +/- 0.000306572
 Incoming Energy [1.9473449924859594, 2.060843240540289)
   Total Material
     Flux                                 0.00826685 +/- 0.000385592
 Incoming Energy [2.060843240540289, 2.180956573420937)
   Total Material
     Flux                                 0.00947362 +/- 0.000419106
 Incoming Energy [2.180956573420937, 2.3080705419889047)
   Total Material
     Flux                                 0.00940181 +/- 0.000348128
 Incoming Energy [2.3080705419889047, 2.4425931683916975)
   Total Material
     Flux                                 0.0121818 +/- 0.000357633
 Incoming Energy [2.4425931683916975, 2.5849562557704893)
   Total Material
     Flux                                 0.0151064 +/- 0.000512981
 Incoming Energy [2.5849562557704893, 2.735616774301668)
   Total Material
     Flux                                 0.0156154 +/- 0.000477123
 Incoming Energy [2.735616774301668, 2.8950583280219)
   Total Material
     Flux                                 0.0148351 +/- 0.000430648
 Incoming Energy [2.8950583280219, 3.0637927071449926)
   Total Material
     Flux                                 0.0155009 +/- 0.00047047
 Incoming Energy [3.0637927071449926, 3.2423615308533487)
   Total Material
     Flux                                 0.0156387 +/- 0.000455169
 Incoming Energy [3.2423615308533487, 3.4313379858372293)
   Total Material
     Flux                                 0.0155722 +/- 0.000490839
 Incoming Energy [3.4313379858372293, 3.6313286661622537)
   Total Material
     Flux                                 0.01585 +/- 0.000439153
 Incoming Energy [3.6313286661622537, 3.8429755203710374)
   Total Material
     Flux                                 0.0178087 +/- 0.000469348
 Incoming Energy [3.8429755203710374, 4.066957912068862)
   Total Material
     Flux                                 0.0191378 +/- 0.000527929
 Incoming Energy [4.066957912068862, 4.303994800607666)
   Total Material
     Flux                                 0.0192086 +/- 0.000521793
 Incoming Energy [4.303994800607666, 4.554847048868157)
   Total Material
     Flux                                 0.0184614 +/- 0.000505517
 Incoming Energy [4.554847048868157, 4.820319865547658)
   Total Material
     Flux                                 0.0191799 +/- 0.000489096
 Incoming Energy [4.820319865547658, 5.101265389793324)
   Total Material
     Flux                                 0.0195671 +/- 0.00047138
 Incoming Energy [5.101265389793324, 5.398585426477014)
   Total Material
     Flux                                 0.0197335 +/- 0.000493303
 Incoming Energy [5.398585426477014, 5.7132343408917885)
   Total Material
     Flux                                 0.0210786 +/- 0.000512174
 Incoming Energy [5.7132343408917885, 6.04622212216174)
   Total Material
     Flux                                 0.0209102 +/- 0.000491383
 Incoming Energy [6.04622212216174, 6.398617625198233)
   Total Material
     Flux                                 0.0203006 +/- 0.000456486
 Incoming Energy [6.398617625198233, 6.771552001609089)
   Total Material
     Flux                                 0.0134583 +/- 0.000327647
 Incoming Energy [6.771552001609089, 7.16622233057339)
   Total Material
     Flux                                 0.0286537 +/- 0.00062231
 Incoming Energy [7.16622233057339, 7.5838954613367)
   Total Material
     Flux                                 0.0389566 +/- 0.000783749
 Incoming Energy [7.5838954613367, 8.025912079660738)
   Total Material
     Flux                                 0.0408582 +/- 0.000662475
 Incoming Energy [8.025912079660738, 8.493691011280191)
   Total Material
     Flux                                 0.0401348 +/- 0.000742931
 Incoming Energy [8.493691011280191, 8.988733776180544)
   Total Material
     Flux                                 0.0360832 +/- 0.000602397
 Incoming Energy [8.988733776180544, 9.512629408315497)
   Total Material
     Flux                                 0.042275 +/- 0.000671246
 Incoming Energy [9.512629408315497, 10.06705955623478)
   Total Material
     Flux                                 0.0441422 +/- 0.00066591
 Incoming Energy [10.06705955623478, 10.653803880994934)
   Total Material
     Flux                                 0.0414432 +/- 0.000658224
 Incoming Energy [10.653803880994934, 11.27474576867951)
   Total Material
     Flux                                 0.0510704 +/- 0.000702235
 Incoming Energy [11.27474576867951, 11.931878375865606)
   Total Material
     Flux                                 0.0515215 +/- 0.000671394
 Incoming Energy [11.931878375865606, 12.627311027441774)
   Total Material
     Flux                                 0.0519617 +/- 0.000727182
 Incoming Energy [12.627311027441774, 13.363275987313688)
   Total Material
     Flux                                 0.0574389 +/- 0.000757337
 Incoming Energy [13.363275987313688, 14.142135623730951)
   Total Material
     Flux                                 0.063782 +/- 0.000707188
 Incoming Energy [14.142135623730951, 14.966389992234562)
   Total Material
     Flux                                 0.0680501 +/- 0.000791911
 Incoming Energy [14.966389992234562, 15.838684860566024)
   Total Material
     Flux                                 0.0659771 +/- 0.000783218
 Incoming Energy [15.838684860566024, 16.76182020129679)
   Total Material
     Flux                                 0.0688651 +/- 0.000792078
 Incoming Energy [16.76182020129679, 17.73875917943859)
   Total Material
     Flux                                 0.0762335 +/- 0.000910795
 Incoming Energy [17.73875917943859, 18.772637663884094)
   Total Material
     Flux                                 0.07242 +/- 0.000749466
 Incoming Energy [18.772637663884094, 19.8667742932081)
   Total Material
     Flux                                 0.0734508 +/- 0.00084186
 Incoming Energy [19.8667742932081, 21.02468112814)
   Total Material
     Flux                                 0.0674298 +/- 0.000757592
 Incoming Energy [21.02468112814, 22.250074924900446)
   Total Material
     Flux                                 0.0758096 +/- 0.000755651
 Incoming Energy [22.250074924900446, 23.546889065588402)
   Total Material
     Flux                                 0.104803 +/- 0.000986095
 Incoming Energy [23.546889065588402, 24.919286183914213)
   Total Material
     Flux                                 0.148981 +/- 0.00127443
 Incoming Energy [24.919286183914213, 26.371671526805173)
   Total Material
     Flux                                 0.172405 +/- 0.00134492
 Incoming Energy [26.371671526805173, 27.90870709477386)
   Total Material
     Flux                                 0.183434 +/- 0.00136647
 Incoming Energy [27.90870709477386, 29.53532660643756)
   Total Material
     Flux                                 0.18383 +/- 0.0013526
 Incoming Energy [29.53532660643756, 31.25675133522358)
   Total Material
     Flux                                 0.185137 +/- 0.00132496
 Incoming Energy [31.25675133522358, 33.078506869094795)
   Total Material
     Flux                                 0.190791 +/- 0.00143481
 Incoming Energy [33.078506869094795, 35.00644084709147)
   Total Material
     Flux                                 0.191553 +/- 0.0013277
 Incoming Energy [35.00644084709147, 37.04674172962297)
   Total Material
     Flux                                 0.178746 +/- 0.00125414
 Incoming Energy [37.04674172962297, 39.205958662759045)
   Total Material
     Flux                                 0.232393 +/- 0.00150254
 Incoming Energy [39.205958662759045, 41.491022500283215)
   Total Material
     Flux                                 0.249397 +/- 0.00167782
 Incoming Energy [41.491022500283215, 43.90926805098722)
   Total Material
     Flux                                 0.259646 +/- 0.00160593
 Incoming Energy [43.90926805098722, 46.46845762261672)
   Total Material
     Flux                                 0.268651 +/- 0.00157986
 Incoming Energy [46.46845762261672, 49.17680593804336)
   Total Material
     Flux                                 0.26509 +/- 0.00153715
 Incoming Energy [49.17680593804336, 52.04300650364032)
   Total Material
     Flux                                 0.275349 +/- 0.00151327
 Incoming Energy [52.04300650364032, 55.07625951450127)
   Total Material
     Flux                                 0.278761 +/- 0.00162424
 Incoming Energy [55.07625951450127, 58.28630138607608)
   Total Material
     Flux                                 0.278433 +/- 0.0014855
 Incoming Energy [58.28630138607608, 61.683436007015096)
   Total Material
     Flux                                 0.287255 +/- 0.00139922
 Incoming Energy [61.683436007015096, 65.2785678135422)
   Total Material
     Flux                                 0.337265 +/- 0.00199305
 Incoming Energy [65.2785678135422, 69.08323679152052)
   Total Material
     Flux                                 0.322299 +/- 0.00158484
 Incoming Energy [69.08323679152052, 73.10965551856394)
   Total Material
     Flux                                 0.331051 +/- 0.00160068
 Incoming Energy [73.10965551856394, 77.3707483650963)
   Total Material
     Flux                                 0.390145 +/- 0.00183407
 Incoming Energy [77.3707483650963, 81.88019298018759)
   Total Material
     Flux                                 0.398696 +/- 0.00181606
 Incoming Energy [81.88019298018759, 86.65246419533474)
   Total Material
     Flux                                 0.421383 +/- 0.00207052
 Incoming Energy [86.65246419533474, 91.70288048711151)
   Total Material
     Flux                                 0.423102 +/- 0.00197121
 Incoming Energy [91.70288048711151, 97.0476531478281)
   Total Material
     Flux                                 0.436758 +/- 0.00193629
 Incoming Energy [97.0476531478281, 102.70393832203415)
   Total Material
     Flux                                 0.447693 +/- 0.00194284
 Incoming Energy [102.70393832203415, 108.68989207589362)
   Total Material
     Flux                                 0.436292 +/- 0.00190957
 Incoming Energy [108.68989207589362, 115.0247286762024)
   Total Material
     Flux                                 0.442715 +/- 0.00198669
 Incoming Energy [115.0247286762024, 121.72878226611486)
   Total Material
     Flux                                 0.471968 +/- 0.00213103
 Incoming Energy [121.72878226611486, 128.82357213555298)
   Total Material
     Flux                                 0.554453 +/- 0.00219129
 Incoming Energy [128.82357213555298, 136.33187179581014)
   Total Material
     Flux                                 0.560373 +/- 0.00218763
 Incoming Energy [136.33187179581014, 144.27778208006782)
   Total Material
     Flux                                 0.588015 +/- 0.00210744
 Incoming Energy [144.27778208006782, 152.6868085044753)
   Total Material
     Flux                                 0.596098 +/- 0.00222841
 Incoming Energy [152.6868085044753, 161.58594313810892)
   Total Material
     Flux                                 0.607587 +/- 0.00221222
 Incoming Energy [161.58594313810892, 171.0037512446062)
   Total Material
     Flux                                 0.595077 +/- 0.00202241
 Incoming Energy [171.0037512446062, 180.97046297358665)
   Total Material
     Flux                                 0.613778 +/- 0.00221435
 Incoming Energy [180.97046297358665, 191.5180703961739)
   Total Material
     Flux                                 0.640888 +/- 0.00212706
 Incoming Energy [191.5180703961739, 202.68043019609937)
   Total Material
     Flux                                 0.652671 +/- 0.00245572
 Incoming Energy [202.68043019609937, 214.49337234601015)
   Total Material
     Flux                                 0.70972 +/- 0.00238851
 Incoming Energy [214.49337234601015, 226.99481511782128)
   Total Material
     Flux                                 0.722376 +/- 0.00242443
 Incoming Energy [226.99481511782128, 240.22488679628626)
   Total Material
     Flux                                 0.748033 +/- 0.00239118
 Incoming Energy [240.22488679628626, 254.22605448646618)
   Total Material
     Flux                                 0.766666 +/- 0.00238155
 Incoming Energy [254.22605448646618, 269.0432604285645)
   Total Material
     Flux                                 0.819669 +/- 0.00264953
 Incoming Energy [269.0432604285645, 284.72406625767695)
   Total Material
     Flux                                 0.89252 +/- 0.00286222
 Incoming Energy [284.72406625767695, 301.3188056715166)
   Total Material
     Flux                                 0.609603 +/- 0.00182332
 Incoming Energy [301.3188056715166, 318.88074599616436)
   Total Material
     Flux                                 0.859345 +/- 0.00210999
 Incoming Energy [318.88074599616436, 337.4662591684448)
   Total Material
     Flux                                 0.939104 +/- 0.00270083
 Incoming Energy [337.4662591684448, 357.1350026837739)
   Total Material
     Flux                                 0.966488 +/- 0.00267183
 Incoming Energy [357.1350026837739, 377.9501110902926)
   Total Material
     Flux                                 0.96811 +/- 0.00273107
 Incoming Energy [377.9501110902926, 399.97839864396553)
   Total Material
     Flux                                 1.03913 +/- 0.00305239
 Incoming Energy [399.97839864396553, 423.2905737751492)
   Total Material
     Flux                                 1.04348 +/- 0.00296529
 Incoming Energy [423.2905737751492, 447.96146605503253)
   Total Material
     Flux                                 1.0657 +/- 0.00308281
 Incoming Energy [447.96146605503253, 474.0702663905035)
   Total Material
     Flux                                 1.07146 +/- 0.00269309
 Incoming Energy [474.0702663905035, 501.7007812184298)
   Total Material
     Flux                                 1.09263 +/- 0.00275419
 Incoming Energy [501.7007812184298, 530.9417015152933)
   Total Material
     Flux                                 1.11353 +/- 0.00265671
 Incoming Energy [530.9417015152933, 561.8868874856754)
   Total Material
     Flux                                 1.13426 +/- 0.00296506
 Incoming Energy [561.8868874856754, 594.6356698433983)
   Total Material
     Flux                                 1.14814 +/- 0.00274567
 Incoming Energy [594.6356698433983, 629.293168652421)
   Total Material
     Flux                                 1.16387 +/- 0.00260364
 Incoming Energy [629.293168652421, 665.9706307509209)
   Total Material
     Flux                                 1.24162 +/- 0.00306914
 Incoming Energy [665.9706307509209, 704.7857868416609)
   Total Material
     Flux                                 1.07769 +/- 0.00275235
 Incoming Energy [704.7857868416609, 745.8632293948696)
   Total Material
     Flux                                 1.22408 +/- 0.00267869
 Incoming Energy [745.8632293948696, 789.3348125766423)
   Total Material
     Flux                                 1.25039 +/- 0.00321088
 Incoming Energy [789.3348125766423, 835.3400754866182)
   Total Material
     Flux                                 1.27497 +/- 0.00311851
 Incoming Energy [835.3400754866182, 884.0266900634576)
   Total Material
     Flux                                 1.27758 +/- 0.0029512
 Incoming Energy [884.0266900634576, 935.550935095859)
   Total Material
     Flux                                 1.31494 +/- 0.00307836
 Incoming Energy [935.550935095859, 990.0781978606437)
   Total Material
     Flux                                 1.34252 +/- 0.00289034
 Incoming Energy [990.0781978606437, 1047.7835049980924)
   Total Material
     Flux                                 1.32802 +/- 0.00263589
 Incoming Energy [1047.7835049980924, 1108.8520843286042)
   Total Material
     Flux                                 1.37328 +/- 0.00323842
 Incoming Energy [1108.8520843286042, 1173.4799594140666)
   Total Material
     Flux                                 1.39153 +/- 0.0028649
 Incoming Energy [1173.4799594140666, 1241.8745787723658)
   Total Material
     Flux                                 1.43742 +/- 0.00350331
 Incoming Energy [1241.8745787723658, 1314.255481764768)
   Total Material
     Flux                                 1.39773 +/- 0.00352785
 Incoming Energy [1314.255481764768, 1390.8550032936585)
   Total Material
     Flux                                 1.48691 +/- 0.00302612
 Incoming Energy [1390.8550032936585, 1471.9190195725107)
   Total Material
     Flux                                 1.5844 +/- 0.0035743
 Incoming Energy [1471.9190195725107, 1557.7077373620855)
   Total Material
     Flux                                 1.28146 +/- 0.00260159
 Incoming Energy [1557.7077373620855, 1648.4965292060924)
   Total Material
     Flux                                 1.37225 +/- 0.00301344
 Incoming Energy [1648.4965292060924, 1744.576817347371)
   Total Material
     Flux                                 1.47236 +/- 0.0030828
 Incoming Energy [1744.576817347371, 1846.2570091619498)
   Total Material
     Flux                                 1.49212 +/- 0.00323338
 Incoming Energy [1846.2570091619498, 1953.8634871134473)
   Total Material
     Flux                                 1.52386 +/- 0.00303724
 Incoming Energy [1953.8634871134473, 2067.7416564056766)
   Total Material
     Flux                                 1.50722 +/- 0.00292711
 Incoming Energy [2067.7416564056766, 2188.2570536961243)
   Total Material
     Flux                                 1.63988 +/- 0.0032212
 Incoming Energy [2188.2570536961243, 2315.796520429223)
   Total Material
     Flux                                 1.56866 +/- 0.00370565
 Incoming Energy [2315.796520429223, 2450.7694445557804)
   Total Material
     Flux                                 1.8091 +/- 0.00384233
 Incoming Energy [2450.7694445557804, 2593.609074624133)
   Total Material
     Flux                                 1.84279 +/- 0.00390272
 Incoming Energy [2593.609074624133, 2744.773910461387)
   Total Material
     Flux                                 1.23646 +/- 0.0023035
 Incoming Energy [2744.773910461387, 2904.749174908452)
   Total Material
     Flux                                 1.35069 +/- 0.00230421
 Incoming Energy [2904.749174908452, 3074.0483713330595)
   Total Material
     Flux                                 1.59563 +/- 0.00277406
 Incoming Energy [3074.0483713330595, 3253.2149319203436)
   Total Material
     Flux                                 1.62479 +/- 0.00320387
 Incoming Energy [3253.2149319203436, 3442.8239620315253)
   Total Material
     Flux                                 1.66372 +/- 0.00322865
 Incoming Energy [3442.8239620315253, 3643.4840862302663)
   Total Material
     Flux                                 1.75693 +/- 0.00339532
 Incoming Energy [3643.4840862302663, 3855.8394019019247)
   Total Material
     Flux                                 2.13279 +/- 0.00350931
 Incoming Energy [3855.8394019019247, 4080.5715467367395)
   Total Material
     Flux                                 1.35413 +/- 0.00275358
 Incoming Energy [4080.5715467367395, 4318.401886713502)
   Total Material
     Flux                                 1.56852 +/- 0.00286567
 Incoming Energy [4318.401886713502, 4570.093831606522)
   Total Material
     Flux                                 1.91295 +/- 0.00317203
 Incoming Energy [4570.093831606522, 4836.455285448892)
   Total Material
     Flux                                 1.53234 +/- 0.00304517
 Incoming Energy [4836.455285448892, 5118.341239817365)
   Total Material
     Flux                                 1.75614 +/- 0.00300258
 Incoming Energy [5118.341239817365, 5416.656518263159)
   Total Material
     Flux                                 2.00878 +/- 0.0038505
 Incoming Energy [5416.656518263159, 5732.358680698247)
   Total Material
     Flux                                 1.7738 +/- 0.00320662
 Incoming Energy [5732.358680698247, 6066.461097059349)
   Total Material
     Flux                                 1.5693 +/- 0.00291657
 Incoming Energy [6066.461097059349, 6420.036200116452)
   Total Material
     Flux                                 2.07685 +/- 0.00393329
 Incoming Energy [6420.036200116452, 6794.218927866411)
   Total Material
     Flux                                 2.19283 +/- 0.00363637
 Incoming Energy [6794.218927866411, 7190.210366561592)
   Total Material
     Flux                                 1.28427 +/- 0.00183754
 Incoming Energy [7190.210366561592, 7609.28160606757)
   Total Material
     Flux                                 1.64734 +/- 0.00278347
 Incoming Energy [7609.28160606757, 8052.777819924446)
   Total Material
     Flux                                 1.82684 +/- 0.00306225
 Incoming Energy [8052.777819924446, 8522.12258320924)
   Total Material
     Flux                                 1.90996 +/- 0.00363155
 Incoming Energy [8522.12258320924, 9018.822442058465)
   Total Material
     Flux                                 1.86141 +/- 0.00316483
 Incoming Energy [9018.822442058465, 9544.471749518836)
   Total Material
     Flux                                 1.89194 +/- 0.00351104
 Incoming Energy [9544.471749518836, 10100.757783249082)
   Total Material
     Flux                                 1.92827 +/- 0.00326055
 Incoming Energy [10100.757783249082, 10689.46616149918)
   Total Material
     Flux                                 1.9418 +/- 0.00338396
 Incoming Energy [10689.46616149918, 11312.486574752893)
   Total Material
     Flux                                 1.98699 +/- 0.00370363
 Incoming Energy [11312.486574752893, 11971.81885143056)
   Total Material
     Flux                                 2.0406 +/- 0.00339414
 Incoming Energy [11971.81885143056, 12669.579377122778)
   Total Material
     Flux                                 1.99852 +/- 0.00361126
 Incoming Energy [12669.579377122778, 13408.007887960524)
   Total Material
     Flux                                 2.44955 +/- 0.00376682
 Incoming Energy [13408.007887960524, 14189.47465992649)
   Total Material
     Flux                                 1.58052 +/- 0.00275487
 Incoming Energy [14189.47465992649, 15016.488117186047)
   Total Material
     Flux                                 1.90649 +/- 0.00334585
 Incoming Energy [15016.488117186047, 15891.702883858483)
   Total Material
     Flux                                 1.95865 +/- 0.00298307
 Incoming Energy [15891.702883858483, 16817.928305074292)
   Total Material
     Flux                                 2.66497 +/- 0.00420202
 Incoming Energy [16817.928305074292, 17798.137464670897)
   Total Material
     Flux                                 1.91107 +/- 0.00312637
 Incoming Energy [17798.137464670897, 18835.476728470996)
   Total Material
     Flux                                 1.78468 +/- 0.00284473
 Incoming Energy [18835.476728470996, 19933.275843778443)
   Total Material
     Flux                                 1.81112 +/- 0.00266726
 Incoming Energy [19933.275843778443, 21095.058627508242)
   Total Material
     Flux                                 1.94564 +/- 0.00310042
 Incoming Energy [21095.058627508242, 22324.554277259027)
   Total Material
     Flux                                 2.24049 +/- 0.00361487
 Incoming Energy [22324.554277259027, 23625.709341636273)
   Total Material
     Flux                                 2.08658 +/- 0.00322916
 Incoming Energy [23625.709341636273, 25002.700388247526)
   Total Material
     Flux                                 1.74908 +/- 0.00286946
 Incoming Energy [25002.700388247526, 26459.94741003519)
   Total Material
     Flux                                 1.35121 +/- 0.00256867
 Incoming Energy [26459.94741003519, 28002.12801297756)
   Total Material
     Flux                                 0.776878 +/- 0.0017464
 Incoming Energy [28002.12801297756, 29634.192430699786)
   Total Material
     Flux                                 1.71488 +/- 0.00279401
 Incoming Energy [29634.192430699786, 31361.37941419145)
   Total Material
     Flux                                 1.88093 +/- 0.0029296
 Incoming Energy [31361.37941419145, 33189.23304763199)
   Total Material
     Flux                                 1.94786 +/- 0.00305759
 Incoming Energy [33189.23304763199, 35123.62054430465)
   Total Material
     Flux                                 2.22395 +/- 0.00359218
 Incoming Energy [35123.62054430465, 37170.751079718764)
   Total Material
     Flux                                 1.97426 +/- 0.00337128
 Incoming Energy [37170.751079718764, 39337.19572239392)
   Total Material
     Flux                                 2.29676 +/- 0.00341758
 Incoming Energy [39337.19572239392, 41629.90852628314)
   Total Material
     Flux                                 1.93754 +/- 0.00293392
 Incoming Energy [41629.90852628314, 44056.24885253585)
   Total Material
     Flux                                 1.51977 +/- 0.00249686
 Incoming Energy [44056.24885253585, 46624.004992255526)
   Total Material
     Flux                                 1.22128 +/- 0.00229303
 Incoming Energy [46624.004992255526, 49341.41916607489)
   Total Material
     Flux                                 0.643876 +/- 0.00121392
 Incoming Energy [49341.41916607489, 52217.21398079567)
   Total Material
     Flux                                 1.31125 +/- 0.00219496
 Incoming Energy [52217.21398079567, 55260.62042801835)
   Total Material
     Flux                                 1.96157 +/- 0.00304378
 Incoming Energy [55260.62042801835, 58481.40751462922)
   Total Material
     Flux                                 2.14166 +/- 0.00333568
 Incoming Energy [58481.40751462922, 61889.913620261825)
   Total Material
     Flux                                 2.10048 +/- 0.00328907
 Incoming Energy [61889.913620261825, 65497.07968238135)
   Total Material
     Flux                                 2.15433 +/- 0.00362658
 Incoming Energy [65497.07968238135, 69314.48431551465)
   Total Material
     Flux                                 2.17429 +/- 0.003445
 Incoming Energy [69314.48431551465, 73354.38097735753)
   Total Material
     Flux                                 2.1358 +/- 0.00356035
 Incoming Energy [73354.38097735753, 77629.73730105201)
   Total Material
     Flux                                 1.93412 +/- 0.00303839
 Incoming Energy [77629.73730105201, 82154.2767198938)
   Total Material
     Flux                                 1.82855 +/- 0.00288019
 Incoming Energy [82154.2767198938, 86942.52251807437)
   Total Material
     Flux                                 1.40916 +/- 0.00243118
 Incoming Energy [86942.52251807437, 92009.84444885768)
   Total Material
     Flux                                 0.938542 +/- 0.00178524
 Incoming Energy [92009.84444885768, 97372.50806983514)
   Total Material
     Flux                                 0.616958 +/- 0.00142088
 Incoming Energy [97372.50806983514, 103047.72695361062)
   Total Material
     Flux                                 0.622803 +/- 0.00136084
 Incoming Energy [103047.72695361062, 109053.71794151698)
   Total Material
     Flux                                 0.78277 +/- 0.00173929
 Incoming Energy [109053.71794151698, 115409.75961771364)
   Total Material
     Flux                                 1.08332 +/- 0.00210292
 Incoming Energy [115409.75961771364, 122136.25419136364)
   Total Material
     Flux                                 1.26608 +/- 0.00242092
 Incoming Energy [122136.25419136364, 129254.79298553085)
   Total Material
     Flux                                 1.44923 +/- 0.00268358
 Incoming Energy [129254.79298553085, 136788.22574299743)
   Total Material
     Flux                                 1.44771 +/- 0.00264669
 Incoming Energy [136788.22574299743, 144760.73397148054)
   Total Material
     Flux                                 1.61747 +/- 0.0033208
 Incoming Energy [144760.73397148054, 153197.90856366622)
   Total Material
     Flux                                 1.5732 +/- 0.0027422
 Incoming Energy [153197.90856366622, 162126.8319412162)
   Total Material
     Flux                                 1.541 +/- 0.00291509
 Incoming Energy [162126.8319412162, 171576.1649864291)
   Total Material
     Flux                                 1.33458 +/- 0.00267013
 Incoming Energy [171576.1649864291, 181576.23904058)
   Total Material
     Flux                                 1.22017 +/- 0.00232722
 Incoming Energy [181576.23904058, 192159.15326426385)
   Total Material
     Flux                                 1.09008 +/- 0.00272664
 Incoming Energy [192159.15326426385, 203358.87767224156)
   Total Material
     Flux                                 1.00753 +/- 0.00225618
 Incoming Energy [203358.87767224156, 215211.36217352576)
   Total Material
     Flux                                 0.829131 +/- 0.00208372
 Incoming Energy [215211.36217352576, 227754.65196672245)
   Total Material
     Flux                                 0.654848 +/- 0.00181315
 Incoming Energy [227754.65196672245, 241029.00966101373)
   Total Material
     Flux                                 0.496351 +/- 0.00143335
 Incoming Energy [241029.00966101373, 255077.04451480263)
   Total Material
     Flux                                 0.385273 +/- 0.00122078
 Incoming Energy [255077.04451480263, 269943.84920684085)
   Total Material
     Flux                                 0.338827 +/- 0.00125528
 Incoming Energy [269943.84920684085, 285677.14457886684)
   Total Material
     Flux                                 0.369331 +/- 0.0012142
 Incoming Energy [285677.14457886684, 302327.4328143757)
   Total Material
     Flux                                 0.479887 +/- 0.00131902
 Incoming Energy [302327.4328143757, 319948.159545179)
   Total Material
     Flux                                 0.562197 +/- 0.00174966
 Incoming Energy [319948.159545179, 338595.88540613494)
   Total Material
     Flux                                 0.608343 +/- 0.00185809
 Incoming Energy [338595.88540613494, 358330.4675886905)
   Total Material
     Flux                                 0.640787 +/- 0.00169579
 Incoming Energy [358330.4675886905, 379215.2519760141)
   Total Material
     Flux                                 0.678143 +/- 0.00172291
 Incoming Energy [379215.2519760141, 401317.27647646767)
   Total Material
     Flux                                 0.721854 +/- 0.00180999
 Incoming Energy [401317.27647646767, 424707.4862080598)
   Total Material
     Flux                                 0.755833 +/- 0.00188154
 Incoming Energy [424707.4862080598, 449460.96122464386)
   Total Material
     Flux                                 0.919685 +/- 0.00227452
 Incoming Energy [449460.96122464386, 475657.1575147995)
   Total Material
     Flux                                 1.12975 +/- 0.00242604
 Incoming Energy [475657.1575147995, 503380.16204699164)
   Total Material
     Flux                                 1.20905 +/- 0.00242459
 Incoming Energy [503380.16204699164, 532718.9626796957)
   Total Material
     Flux                                 1.21487 +/- 0.0024868
 Incoming Energy [532718.9626796957, 563767.7338028221)
   Total Material
     Flux                                 1.2833 +/- 0.00229899
 Incoming Energy [563767.7338028221, 596626.1386273791)
   Total Material
     Flux                                 1.28001 +/- 0.00312101
 Incoming Energy [596626.1386273791, 631399.6490936391)
   Total Material
     Flux                                 1.21356 +/- 0.00256126
 Incoming Energy [631399.6490936391, 668199.8844246987)
   Total Material
     Flux                                 1.37889 +/- 0.00301027
 Incoming Energy [668199.8844246987, 707144.9694121798)
   Total Material
     Flux                                 1.39871 +/- 0.00296601
 Incoming Energy [707144.9694121798, 748359.9135840663)
   Total Material
     Flux                                 1.3292 +/- 0.00330681
 Incoming Energy [748359.9135840663, 791977.0124718435)
   Total Material
     Flux                                 1.28142 +/- 0.00302553
 Incoming Energy [791977.0124718435, 838136.2722648961)
   Total Material
     Flux                                 1.21341 +/- 0.00301945
 Incoming Energy [838136.2722648961, 886985.8592152856)
   Total Material
     Flux                                 1.08207 +/- 0.00272182
 Incoming Energy [886985.8592152856, 938682.5752354843)
   Total Material
     Flux                                 1.00596 +/- 0.00261639
 Incoming Energy [938682.5752354843, 993392.3612155964)
   Total Material
     Flux                                 1.014 +/- 0.00284939
 Incoming Energy [993392.3612155964, 1051290.829675767)
   Total Material
     Flux                                 1.03252 +/- 0.0027537
 Incoming Energy [1051290.829675767, 1112563.8284634468)
   Total Material
     Flux                                 0.938454 +/- 0.00265695
 Incoming Energy [1112563.8284634468, 1177408.0373049495)
   Total Material
     Flux                                 0.910874 +/- 0.0025498
 Incoming Energy [1177408.0373049495, 1246031.5991262207)
   Total Material
     Flux                                 0.778896 +/- 0.00237337
 Incoming Energy [1246031.5991262207, 1318654.7881691733)
   Total Material
     Flux                                 0.752797 +/- 0.00239775
 Incoming Energy [1318654.7881691733, 1395510.7170483125)
   Total Material
     Flux                                 0.817586 +/- 0.00262846
 Incoming Energy [1395510.7170483125, 1476846.0850171046)
   Total Material
     Flux                                 0.831512 +/- 0.00266646
 Incoming Energy [1476846.0850171046, 1562921.969845991)
   Total Material
     Flux                                 0.755973 +/- 0.00238528
 Incoming Energy [1562921.969845991, 1654014.6658539518)
   Total Material
     Flux                                 0.684735 +/- 0.00235265
 Incoming Energy [1654014.6658539518, 1750416.570783459)
   Total Material
     Flux                                 0.706424 +/- 0.00238355
 Incoming Energy [1750416.570783459, 1852437.1243657821)
   Total Material
     Flux                                 0.709398 +/- 0.00262545
 Incoming Energy [1852437.1243657821, 1960403.801589176)
   Total Material
     Flux                                 0.641171 +/- 0.00227595
 Incoming Energy [1960403.801589176, 2074663.1638582961)
   Total Material
     Flux                                 0.557812 +/- 0.00235361
 Incoming Energy [2074663.1638582961, 2195581.9714190345)
   Total Material
     Flux                                 0.578767 +/- 0.00240844
 Incoming Energy [2195581.9714190345, 2323548.360619339)
   Total Material
     Flux                                 0.507038 +/- 0.0021423
 Incoming Energy [2323548.360619339, 2458973.0897851423)
   Total Material
     Flux                                 0.476621 +/- 0.00208713
 Incoming Energy [2458973.0897851423, 2602290.857710323)
   Total Material
     Flux                                 0.404039 +/- 0.00176473
 Incoming Energy [2602290.857710323, 2753961.698992977)
   Total Material
     Flux                                 0.378648 +/- 0.0015071
 Incoming Energy [2753961.698992977, 2914472.460697001)
   Total Material
     Flux                                 0.36227 +/- 0.00163587
 Incoming Energy [2914472.460697001, 3084338.365078642)
   Total Material
     Flux                                 0.340978 +/- 0.00170877
 Incoming Energy [3084338.365078642, 3264104.663394523)
   Total Material
     Flux                                 0.31067 +/- 0.00167758
 Incoming Energy [3264104.663394523, 3454348.386099415)
   Total Material
     Flux                                 0.284917 +/- 0.00160639
 Incoming Energy [3454348.386099415, 3655680.195051801)
   Total Material
     Flux                                 0.256987 +/- 0.00149881
 Incoming Energy [3655680.195051801, 3868746.3436727654)
   Total Material
     Flux                                 0.23837 +/- 0.00143804
 Incoming Energy [3868746.3436727654, 4094230.751349748)
   Total Material
     Flux                                 0.212568 +/- 0.00134924
 Incoming Energy [4094230.751349748, 4332857.198744221)
   Total Material
     Flux                                 0.180931 +/- 0.00134682
 Incoming Energy [4332857.198744221, 4585391.651049606)
   Total Material
     Flux                                 0.156011 +/- 0.00118346
 Incoming Energy [4585391.651049606, 4852644.716656989)
   Total Material
     Flux                                 0.140664 +/- 0.00119092
 Incoming Energy [4852644.716656989, 5135474.249120872)
   Total Material
     Flux                                 0.128263 +/- 0.0011755
 Incoming Energy [5135474.249120872, 5434788.100776524)
   Total Material
     Flux                                 0.109194 +/- 0.00108587
 Incoming Energy [5434788.100776524, 5751547.036848338)
   Total Material
     Flux                                 0.0896868 +/- 0.00111778
 Incoming Energy [5751547.036848338, 6086767.819402659)
   Total Material
     Flux                                 0.0750735 +/- 0.000917585
 Incoming Energy [6086767.819402659, 6441526.471044417)
   Total Material
     Flux                                 0.0640188 +/- 0.000862344
 Incoming Energy [6441526.471044417, 6816961.728833966)
   Total Material
     Flux                                 0.0531459 +/- 0.000764824
 Incoming Energy [6816961.728833966, 7214278.699510192)
   Total Material
     Flux                                 0.0419504 +/- 0.000646273
 Incoming Energy [7214278.699510192, 7634752.727753518)
   Total Material
     Flux                                 0.0327126 +/- 0.000550019
 Incoming Energy [7634752.727753518, 8079733.489904895)
   Total Material
     Flux                                 0.0259083 +/- 0.000557719
 Incoming Energy [8079733.489904895, 8550649.326281369)
   Total Material
     Flux                                 0.019697 +/- 0.000492877
 Incoming Energy [8550649.326281369, 9049011.825994886)
   Total Material
     Flux                                 0.0144651 +/- 0.000418858
 Incoming Energy [9049011.825994886, 9576420.678990252)
   Total Material
     Flux                                 0.0108415 +/- 0.000336371
 Incoming Energy [9576420.678990252, 10134568.810877798)
   Total Material
     Flux                                 0.00771231 +/- 0.000339031
 Incoming Energy [10134568.810877798, 10725247.817042144)
   Total Material
     Flux                                 0.00539409 +/- 0.000273813
 Incoming Energy [10725247.817042144, 11350353.713470269)
   Total Material
     Flux                                 0.00402387 +/- 0.000213974
 Incoming Energy [11350353.713470269, 12011893.022758922)
   Total Material
     Flux                                 0.00237033 +/- 0.000171435
 Incoming Energy [12011893.022758922, 12711989.214835651)
   Total Material
     Flux                                 0.00142728 +/- 0.000125668
 Incoming Energy [12711989.214835651, 13452889.523068901)
   Total Material
     Flux                                 0.000978558 +/- 0.000110245
 Incoming Energy [13452889.523068901, 14236972.157644926)
   Total Material
     Flux                                 0.000677427 +/- 9.50262e-05
 Incoming Energy [14236972.157644926, 15066753.93936615)
   Total Material
     Flux                                 0.000313993 +/- 5.79719e-05
 Incoming Energy [15066753.93936615, 15944898.378375264)
   Total Material
     Flux                                 0.000137818 +/- 4.18807e-05
 Incoming Energy [15944898.378375264, 16874224.2237354)
   Total Material
     Flux                                 0.000142508 +/- 4.50391e-05
 Incoming Energy [16874224.2237354, 17857714.511311464)
   Total Material
     Flux                                 6.45545e-05 +/- 2.76583e-05
 Incoming Energy [17857714.511311464, 18898526.13899377)
   Total Material
     Flux                                 3.05854e-05 +/- 2.76707e-05
 Incoming Energy [18898526.13899377, 20000000.000000004)
   Total Material
     Flux                                 0 +/- 0
 ==============================>     TALLY 2: FISSION REACTIONS     <===============================

 Th232
   Fission Rate                         0.00105671 +/- 1.26114e-06
   (n,gamma)                            0.25799 +/- 0.000401794
 U233
   Fission Rate                         0.270519 +/- 0.000562678
   (n,gamma)                            0.0360711 +/- 9.23177e-05
 U235
   Fission Rate                         0.132644 +/- 0.000230776
   (n,gamma)                            0.057744 +/- 0.000112835
 U238
   Fission Rate                         0.00224803 +/- 2.56764e-06
   (n,gamma)                            0.134824 +/- 0.000280255
